[DEBUG] 2018-01-18 10:14:33,270 Program - *********************************************
[DEBUG] 2018-01-18 10:14:33,271 Program - Program starting...
[DEBUG] 2018-01-18 10:14:33,286 UCRP - UCRP()
[DEBUG] 2018-01-18 10:14:33,585 UCRP - Init component passed
[DEBUG] 2018-01-18 10:14:33,585 UCF - UCF()
[DEBUG] 2018-01-18 10:14:33,632 UCF - getProviders()
[DEBUG] 2018-01-18 10:14:33,647 UCF - populateDropdownList()
[DEBUG] 2018-01-18 10:14:33,647 X3Context - X3Context()
[DEBUG] 2018-01-18 10:14:34,475 Program - Vpret()
[DEBUG] 2018-01-18 10:14:34,475 Program - removeLog()
[DEBUG] 2018-01-18 10:14:34,882 UserManager - UserManager()
[DEBUG] 2018-01-18 10:14:34,882 UserManager - trimUserName()
[DEBUG] 2018-01-18 10:14:34,882 UserManager - getRightAccess()
[DEBUG] 2018-01-18 10:14:34,882 Program - AdaptUserControlView()
[DEBUG] 2018-01-18 10:14:34,882 UserManager - checkRight()
[DEBUG] 2018-01-18 10:14:34,882 VpretContext - VpretContext()
[DEBUG] 2018-01-18 10:14:34,944 Program - before panel added
[DEBUG] 2018-01-18 10:14:34,944 Program - after panel added
[DEBUG] 2018-01-18 10:14:34,944 Program - AdaptUserControlView passed
[DEBUG] 2018-01-18 10:19:42,632 Program - *********************************************
[DEBUG] 2018-01-18 10:19:42,648 Program - Program starting...
[DEBUG] 2018-01-18 10:19:42,648 UCRP - UCRP()
[DEBUG] 2018-01-18 10:19:42,913 UCRP - Init component passed
[DEBUG] 2018-01-18 10:19:42,913 UCF - UCF()
[DEBUG] 2018-01-18 10:19:42,960 UCF - getProviders()
[DEBUG] 2018-01-18 10:19:42,960 UCF - populateDropdownList()
[DEBUG] 2018-01-18 10:19:42,960 X3Context - X3Context()
[DEBUG] 2018-01-18 10:19:43,696 Program - Vpret()
[DEBUG] 2018-01-18 10:19:43,696 Program - removeLog()
[DEBUG] 2018-01-18 10:19:43,900 UserManager - UserManager()
[DEBUG] 2018-01-18 10:19:43,900 UserManager - trimUserName()
[DEBUG] 2018-01-18 10:19:43,900 UserManager - getRightAccess()
[DEBUG] 2018-01-18 10:19:43,900 Program - AdaptUserControlView()
[DEBUG] 2018-01-18 10:19:43,915 UserManager - checkRight()
[DEBUG] 2018-01-18 10:19:43,915 VpretContext - VpretContext()
[DEBUG] 2018-01-18 10:19:43,947 Program - before panel added
[DEBUG] 2018-01-18 10:19:43,947 Program - after panel added
[DEBUG] 2018-01-18 10:19:43,947 Program - AdaptUserControlView passed
[DEBUG] 2018-01-18 10:19:57,263 UCF - buttonValidate_Click()
[DEBUG] 2018-01-18 10:19:58,310 UCF - getDataFromGrid()
[DEBUG] 2018-01-18 10:19:58,310 UCF - populateDb()
[DEBUG] 2018-01-18 10:19:58,390 UCF - doLoanReport()
[DEBUG] 2018-01-18 10:19:58,406 ReportLoan - testView()
[DEBUG] 2018-01-18 10:19:58,640 ReportLoan - getStaticMember()
[DEBUG] 2018-01-18 10:19:59,859 ReportLoan - sendReportByMail()
[DEBUG] 2018-01-18 10:28:41,034 Program - *********************************************
[DEBUG] 2018-01-18 10:28:41,042 Program - Program starting...
[DEBUG] 2018-01-18 10:28:41,048 UCRP - UCRP()
[DEBUG] 2018-01-18 10:28:41,324 UCRP - Init component passed
[DEBUG] 2018-01-18 10:28:41,325 UCF - UCF()
[DEBUG] 2018-01-18 10:28:41,385 UCF - getProviders()
[DEBUG] 2018-01-18 10:28:41,389 UCF - populateDropdownList()
[DEBUG] 2018-01-18 10:28:41,390 X3Context - X3Context()
[DEBUG] 2018-01-18 10:28:42,217 Program - Vpret()
[DEBUG] 2018-01-18 10:28:42,217 Program - removeLog()
[DEBUG] 2018-01-18 10:28:42,422 UserManager - UserManager()
[DEBUG] 2018-01-18 10:28:42,423 UserManager - trimUserName()
[DEBUG] 2018-01-18 10:28:42,423 UserManager - getRightAccess()
[DEBUG] 2018-01-18 10:28:42,424 Program - AdaptUserControlView()
[DEBUG] 2018-01-18 10:28:42,431 UserManager - checkRight()
[DEBUG] 2018-01-18 10:28:42,432 VpretContext - VpretContext()
[DEBUG] 2018-01-18 10:28:42,467 Program - before panel added
[DEBUG] 2018-01-18 10:28:42,469 Program - after panel added
[DEBUG] 2018-01-18 10:28:42,469 Program - AdaptUserControlView passed
[DEBUG] 2018-01-18 10:29:19,250 UCF - buttonValidate_Click()
[DEBUG] 2018-01-18 10:29:21,026 UCF - getDataFromGrid()
[DEBUG] 2018-01-18 10:29:21,033 UCF - populateDb()
[DEBUG] 2018-01-18 10:29:21,135 UCF - doLoanReport()
[DEBUG] 2018-01-18 10:29:21,138 ReportLoan - testView()
[DEBUG] 2018-01-18 10:29:21,387 ReportLoan - getStaticMember()
[DEBUG] 2018-01-18 10:29:22,603 ReportLoan - sendReportByMail()
[DEBUG] 2018-01-18 10:32:00,662 Program - *********************************************
[DEBUG] 2018-01-18 10:32:00,669 Program - Program starting...
[DEBUG] 2018-01-18 10:32:00,677 UCRP - UCRP()
[DEBUG] 2018-01-18 10:32:00,942 UCRP - Init component passed
[DEBUG] 2018-01-18 10:32:00,943 UCF - UCF()
[DEBUG] 2018-01-18 10:32:01,018 UCF - getProviders()
[DEBUG] 2018-01-18 10:32:01,021 UCF - populateDropdownList()
[DEBUG] 2018-01-18 10:32:01,022 X3Context - X3Context()
[DEBUG] 2018-01-18 10:32:01,872 Program - Vpret()
[DEBUG] 2018-01-18 10:32:01,872 Program - removeLog()
[DEBUG] 2018-01-18 10:32:02,088 UserManager - UserManager()
[DEBUG] 2018-01-18 10:32:02,089 UserManager - trimUserName()
[DEBUG] 2018-01-18 10:32:02,089 UserManager - getRightAccess()
[DEBUG] 2018-01-18 10:32:02,090 Program - AdaptUserControlView()
[DEBUG] 2018-01-18 10:32:02,092 UserManager - checkRight()
[DEBUG] 2018-01-18 10:32:02,092 VpretContext - VpretContext()
[DEBUG] 2018-01-18 10:32:02,132 Program - before panel added
[DEBUG] 2018-01-18 10:32:02,133 Program - after panel added
[DEBUG] 2018-01-18 10:32:02,133 Program - AdaptUserControlView passed
[DEBUG] 2018-01-18 10:32:06,710 UCF - buttonValidate_Click()
[DEBUG] 2018-01-18 10:32:07,582 UCF - getDataFromGrid()
[DEBUG] 2018-01-18 10:32:07,586 UCF - populateDb()
[DEBUG] 2018-01-18 10:32:07,621 UCF - doLoanReport()
[DEBUG] 2018-01-18 10:32:07,624 ReportLoan - testView()
[DEBUG] 2018-01-18 10:32:07,865 ReportLoan - getStaticMember()
[DEBUG] 2018-01-18 10:32:09,053 ReportLoan - sendReportByMail()
[DEBUG] 2018-01-18 10:33:28,385 Program - *********************************************
[DEBUG] 2018-01-18 10:33:28,393 Program - Program starting...
[DEBUG] 2018-01-18 10:33:28,400 UCRP - UCRP()
[DEBUG] 2018-01-18 10:33:28,665 UCRP - Init component passed
[DEBUG] 2018-01-18 10:33:28,666 UCF - UCF()
[DEBUG] 2018-01-18 10:33:28,724 UCF - getProviders()
[DEBUG] 2018-01-18 10:33:28,727 UCF - populateDropdownList()
[DEBUG] 2018-01-18 10:33:28,728 X3Context - X3Context()
[DEBUG] 2018-01-18 10:33:29,453 Program - Vpret()
[DEBUG] 2018-01-18 10:33:29,453 Program - removeLog()
[DEBUG] 2018-01-18 10:33:29,636 UserManager - UserManager()
[DEBUG] 2018-01-18 10:33:29,637 UserManager - trimUserName()
[DEBUG] 2018-01-18 10:33:29,637 UserManager - getRightAccess()
[DEBUG] 2018-01-18 10:33:29,637 Program - AdaptUserControlView()
[DEBUG] 2018-01-18 10:33:29,639 UserManager - checkRight()
[DEBUG] 2018-01-18 10:33:29,640 VpretContext - VpretContext()
[DEBUG] 2018-01-18 10:33:29,670 Program - before panel added
[DEBUG] 2018-01-18 10:33:29,671 Program - after panel added
[DEBUG] 2018-01-18 10:33:29,671 Program - AdaptUserControlView passed
[DEBUG] 2018-01-18 10:33:40,078 UCF - buttonValidate_Click()
[DEBUG] 2018-01-18 10:33:41,338 UCF - getDataFromGrid()
[DEBUG] 2018-01-18 10:33:41,341 UCF - populateDb()
[DEBUG] 2018-01-18 10:33:41,372 UCF - doLoanReport()
[DEBUG] 2018-01-18 10:33:41,374 ReportLoan - testView()
[DEBUG] 2018-01-18 10:33:41,622 ReportLoan - getStaticMember()
[DEBUG] 2018-01-18 10:33:42,797 ReportLoan - sendReportByMail()
[DEBUG] 2018-01-18 10:34:32,949 Program - *********************************************
[DEBUG] 2018-01-18 10:34:32,957 Program - Program starting...
[DEBUG] 2018-01-18 10:34:32,964 UCRP - UCRP()
[DEBUG] 2018-01-18 10:34:33,207 UCRP - Init component passed
[DEBUG] 2018-01-18 10:34:33,208 UCF - UCF()
[DEBUG] 2018-01-18 10:34:33,266 UCF - getProviders()
[DEBUG] 2018-01-18 10:34:33,268 UCF - populateDropdownList()
[DEBUG] 2018-01-18 10:34:33,269 X3Context - X3Context()
[DEBUG] 2018-01-18 10:34:34,017 Program - Vpret()
[DEBUG] 2018-01-18 10:34:34,017 Program - removeLog()
[DEBUG] 2018-01-18 10:34:34,194 UserManager - UserManager()
[DEBUG] 2018-01-18 10:34:34,195 UserManager - trimUserName()
[DEBUG] 2018-01-18 10:34:34,195 UserManager - getRightAccess()
[DEBUG] 2018-01-18 10:34:34,195 Program - AdaptUserControlView()
[DEBUG] 2018-01-18 10:34:34,197 UserManager - checkRight()
[DEBUG] 2018-01-18 10:34:34,198 VpretContext - VpretContext()
[DEBUG] 2018-01-18 10:34:34,229 Program - before panel added
[DEBUG] 2018-01-18 10:34:34,230 Program - after panel added
[DEBUG] 2018-01-18 10:34:34,230 Program - AdaptUserControlView passed
[DEBUG] 2018-01-18 10:34:46,802 UCF - buttonValidate_Click()
[DEBUG] 2018-01-18 10:34:47,574 UCF - getDataFromGrid()
[DEBUG] 2018-01-18 10:34:47,577 UCF - populateDb()
[DEBUG] 2018-01-18 10:34:47,607 UCF - doLoanReport()
[DEBUG] 2018-01-18 10:34:47,610 ReportLoan - testView()
[DEBUG] 2018-01-18 10:34:47,857 ReportLoan - getStaticMember()
[DEBUG] 2018-01-18 10:34:49,015 ReportLoan - sendReportByMail()
[DEBUG] 2018-01-18 10:55:10,670 Program - *********************************************
[DEBUG] 2018-01-18 10:55:10,678 Program - Program starting...
[DEBUG] 2018-01-18 10:55:10,692 UCRP - UCRP()
[DEBUG] 2018-01-18 10:55:11,071 UCRP - Init component passed
[DEBUG] 2018-01-18 10:55:11,072 UCF - UCF()
[DEBUG] 2018-01-18 10:55:11,127 UCF - getProviders()
[DEBUG] 2018-01-18 10:55:11,129 UCF - populateDropdownList()
[DEBUG] 2018-01-18 10:55:11,130 X3Context - X3Context()
[DEBUG] 2018-01-18 10:55:12,013 Program - Vpret()
[DEBUG] 2018-01-18 10:55:12,014 Program - removeLog()
[DEBUG] 2018-01-18 10:55:12,225 UserManager - UserManager()
[DEBUG] 2018-01-18 10:55:12,227 UserManager - trimUserName()
[DEBUG] 2018-01-18 10:55:12,227 UserManager - getRightAccess()
[DEBUG] 2018-01-18 10:55:12,228 Program - AdaptUserControlView()
[DEBUG] 2018-01-18 10:55:12,230 UserManager - checkRight()
[DEBUG] 2018-01-18 10:55:12,232 VpretContext - VpretContext()
[DEBUG] 2018-01-18 10:55:12,275 Program - before panel added
[DEBUG] 2018-01-18 10:55:12,276 Program - after panel added
[DEBUG] 2018-01-18 10:55:12,276 Program - AdaptUserControlView passed
[DEBUG] 2018-01-18 10:55:21,344 UCF - buttonValidate_Click()
[DEBUG] 2018-01-18 10:55:22,771 UCF - getDataFromGrid()
[DEBUG] 2018-01-18 10:55:22,774 UCF - populateDb()
[DEBUG] 2018-01-18 10:55:22,801 UCF - doLoanReport()
[DEBUG] 2018-01-18 10:55:22,803 ReportLoan - testView()
[DEBUG] 2018-01-18 10:55:23,038 ReportLoan - getStaticMember()
[DEBUG] 2018-01-18 10:55:24,201 ReportLoan - sendReportByMail()
[DEBUG] 2018-01-18 11:00:03,291 Program - *********************************************
[DEBUG] 2018-01-18 11:00:03,298 Program - Program starting...
[DEBUG] 2018-01-18 11:00:03,305 UCRP - UCRP()
[DEBUG] 2018-01-18 11:00:03,571 UCRP - Init component passed
[DEBUG] 2018-01-18 11:00:03,572 UCF - UCF()
[DEBUG] 2018-01-18 11:00:03,629 UCF - getProviders()
[DEBUG] 2018-01-18 11:00:03,631 UCF - populateDropdownList()
[DEBUG] 2018-01-18 11:00:03,632 X3Context - X3Context()
[DEBUG] 2018-01-18 11:00:04,371 Program - Vpret()
[DEBUG] 2018-01-18 11:00:04,371 Program - removeLog()
[DEBUG] 2018-01-18 11:00:04,553 UserManager - UserManager()
[DEBUG] 2018-01-18 11:00:04,554 UserManager - trimUserName()
[DEBUG] 2018-01-18 11:00:04,554 UserManager - getRightAccess()
[DEBUG] 2018-01-18 11:00:04,554 Program - AdaptUserControlView()
[DEBUG] 2018-01-18 11:00:04,556 UserManager - checkRight()
[DEBUG] 2018-01-18 11:00:04,557 VpretContext - VpretContext()
[DEBUG] 2018-01-18 11:00:04,587 Program - before panel added
[DEBUG] 2018-01-18 11:00:04,589 Program - after panel added
[DEBUG] 2018-01-18 11:00:04,589 Program - AdaptUserControlView passed
[DEBUG] 2018-01-18 11:00:09,844 UCF - buttonValidate_Click()
[DEBUG] 2018-01-18 11:00:10,640 UCF - getDataFromGrid()
[DEBUG] 2018-01-18 11:00:10,642 UCF - populateDb()
[DEBUG] 2018-01-18 11:00:10,672 UCF - doLoanReport()
[DEBUG] 2018-01-18 11:00:10,674 ReportLoan - testView()
[DEBUG] 2018-01-18 11:00:10,925 ReportLoan - getStaticMember()
[DEBUG] 2018-01-18 11:00:12,112 ReportLoan - sendReportByMail()
[DEBUG] 2018-01-18 11:10:47,239 Program - *********************************************
[DEBUG] 2018-01-18 11:10:47,247 Program - Program starting...
[DEBUG] 2018-01-18 11:10:47,254 UCRP - UCRP()
[DEBUG] 2018-01-18 11:10:47,501 UCRP - Init component passed
[DEBUG] 2018-01-18 11:10:47,502 UCF - UCF()
[DEBUG] 2018-01-18 11:10:47,559 UCF - getProviders()
[DEBUG] 2018-01-18 11:10:47,563 UCF - populateDropdownList()
[DEBUG] 2018-01-18 11:10:47,564 X3Context - X3Context()
[DEBUG] 2018-01-18 11:10:48,295 Program - Vpret()
[DEBUG] 2018-01-18 11:10:48,296 Program - removeLog()
[DEBUG] 2018-01-18 11:10:48,523 UserManager - UserManager()
[DEBUG] 2018-01-18 11:10:48,524 UserManager - trimUserName()
[DEBUG] 2018-01-18 11:10:48,524 UserManager - getRightAccess()
[DEBUG] 2018-01-18 11:10:48,525 Program - AdaptUserControlView()
[DEBUG] 2018-01-18 11:10:48,526 UserManager - checkRight()
[DEBUG] 2018-01-18 11:10:48,527 VpretContext - VpretContext()
[DEBUG] 2018-01-18 11:10:48,556 Program - before panel added
[DEBUG] 2018-01-18 11:10:48,557 Program - after panel added
[DEBUG] 2018-01-18 11:10:48,557 Program - AdaptUserControlView passed
[DEBUG] 2018-01-18 11:11:13,780 UCF - buttonValidate_Click()
[DEBUG] 2018-01-18 11:11:14,607 UCF - getDataFromGrid()
[DEBUG] 2018-01-18 11:11:14,610 UCF - populateDb()
[DEBUG] 2018-01-18 11:11:14,654 UCF - doLoanReport()
[DEBUG] 2018-01-18 11:11:14,657 ReportLoan - testView()
[DEBUG] 2018-01-18 11:11:14,893 ReportLoan - getStaticMember()
[DEBUG] 2018-01-18 11:11:16,058 ReportLoan - sendReportByMail()
[DEBUG] 2018-01-18 11:11:42,303 UCF - buttonValidate_Click()
[DEBUG] 2018-01-18 11:11:43,631 UCF - getDataFromGrid()
[DEBUG] 2018-01-18 11:11:43,640 UCF - populateDb()
[DEBUG] 2018-01-18 11:11:43,660 UCF - doLoanReport()
[DEBUG] 2018-01-18 11:11:43,661 ReportLoan - testView()
[DEBUG] 2018-01-18 11:11:43,759 ReportLoan - getStaticMember()
[DEBUG] 2018-01-18 11:11:44,255 ReportLoan - sendReportByMail()
[DEBUG] 2018-01-18 11:12:51,389 Program - *********************************************
[DEBUG] 2018-01-18 11:12:51,396 Program - Program starting...
[DEBUG] 2018-01-18 11:12:51,403 UCRP - UCRP()
[DEBUG] 2018-01-18 11:12:51,713 UCRP - Init component passed
[DEBUG] 2018-01-18 11:12:51,714 UCF - UCF()
[DEBUG] 2018-01-18 11:12:51,775 UCF - getProviders()
[DEBUG] 2018-01-18 11:12:51,777 UCF - populateDropdownList()
[DEBUG] 2018-01-18 11:12:51,778 X3Context - X3Context()
[DEBUG] 2018-01-18 11:12:52,656 Program - Vpret()
[DEBUG] 2018-01-18 11:12:52,657 Program - removeLog()
[DEBUG] 2018-01-18 11:12:52,869 UserManager - UserManager()
[DEBUG] 2018-01-18 11:12:52,870 UserManager - trimUserName()
[DEBUG] 2018-01-18 11:12:52,871 UserManager - getRightAccess()
[DEBUG] 2018-01-18 11:12:52,871 Program - AdaptUserControlView()
[DEBUG] 2018-01-18 11:12:52,873 UserManager - checkRight()
[DEBUG] 2018-01-18 11:12:52,874 VpretContext - VpretContext()
[DEBUG] 2018-01-18 11:12:52,915 Program - before panel added
[DEBUG] 2018-01-18 11:12:52,917 Program - after panel added
[DEBUG] 2018-01-18 11:12:52,917 Program - AdaptUserControlView passed
[DEBUG] 2018-01-18 11:13:00,555 UCF - buttonValidate_Click()
[DEBUG] 2018-01-18 11:13:01,161 UCF - getDataFromGrid()
[DEBUG] 2018-01-18 11:13:01,167 UCF - populateDb()
[DEBUG] 2018-01-18 11:13:01,229 UCF - doLoanReport()
[DEBUG] 2018-01-18 11:13:01,233 ReportLoan - testView()
[DEBUG] 2018-01-18 11:13:01,489 ReportLoan - getStaticMember()
[DEBUG] 2018-01-18 11:13:02,674 ReportLoan - sendReportByMail()
[DEBUG] 2018-01-18 12:31:13,192 Program - *********************************************
[DEBUG] 2018-01-18 12:31:13,200 Program - Program starting...
[DEBUG] 2018-01-18 12:31:13,208 UCRP - UCRP()
[DEBUG] 2018-01-18 12:31:13,524 UCRP - Init component passed
[DEBUG] 2018-01-18 12:31:13,525 UCF - UCF()
[DEBUG] 2018-01-18 12:31:13,579 UCF - getProviders()
[DEBUG] 2018-01-18 12:31:13,581 UCF - populateDropdownList()
[DEBUG] 2018-01-18 12:31:13,582 X3Context - X3Context()
[DEBUG] 2018-01-18 12:31:14,454 Program - Vpret()
[DEBUG] 2018-01-18 12:31:14,455 Program - removeLog()
[DEBUG] 2018-01-18 12:31:14,736 UserManager - UserManager()
[DEBUG] 2018-01-18 12:31:14,737 UserManager - trimUserName()
[DEBUG] 2018-01-18 12:31:14,737 UserManager - getRightAccess()
[DEBUG] 2018-01-18 12:31:14,738 Program - AdaptUserControlView()
[DEBUG] 2018-01-18 12:31:14,739 UserManager - checkRight()
[DEBUG] 2018-01-18 12:31:14,740 VpretContext - VpretContext()
[DEBUG] 2018-01-18 12:31:14,770 Program - before panel added
[DEBUG] 2018-01-18 12:31:14,773 Program - after panel added
[DEBUG] 2018-01-18 12:31:14,773 Program - AdaptUserControlView passed
[DEBUG] 2018-01-18 12:31:15,393 UCRP - UCRP_Load()
[DEBUG] 2018-01-18 12:34:29,913 Program - *********************************************
[DEBUG] 2018-01-18 12:34:29,924 Program - Program starting...
[DEBUG] 2018-01-18 12:34:29,932 UCRP - UCRP()
[DEBUG] 2018-01-18 12:34:30,188 UCRP - Init component passed
[DEBUG] 2018-01-18 12:34:30,189 UCF - UCF()
[DEBUG] 2018-01-18 12:34:30,259 UCF - getProviders()
[DEBUG] 2018-01-18 12:34:30,261 UCF - populateDropdownList()
[DEBUG] 2018-01-18 12:34:30,262 X3Context - X3Context()
[DEBUG] 2018-01-18 12:34:31,125 Program - Vpret()
[DEBUG] 2018-01-18 12:34:31,126 Program - removeLog()
[DEBUG] 2018-01-18 12:34:31,346 UserManager - UserManager()
[DEBUG] 2018-01-18 12:34:31,347 UserManager - trimUserName()
[DEBUG] 2018-01-18 12:34:31,347 UserManager - getRightAccess()
[DEBUG] 2018-01-18 12:34:31,348 Program - AdaptUserControlView()
[DEBUG] 2018-01-18 12:34:31,350 UserManager - checkRight()
[DEBUG] 2018-01-18 12:34:31,351 VpretContext - VpretContext()
[DEBUG] 2018-01-18 12:34:31,389 Program - before panel added
[DEBUG] 2018-01-18 12:34:31,393 Program - after panel added
[DEBUG] 2018-01-18 12:34:31,393 Program - AdaptUserControlView passed
[DEBUG] 2018-01-18 12:34:32,101 UCRP - UCRP_Load()
[DEBUG] 2018-01-18 13:35:23,973 Program - *********************************************
[DEBUG] 2018-01-18 13:35:23,982 Program - Program starting...
[DEBUG] 2018-01-18 13:35:23,988 UCRP - UCRP()
[DEBUG] 2018-01-18 13:35:24,256 UCRP - Init component passed
[DEBUG] 2018-01-18 13:35:24,257 UCF - UCF()
[DEBUG] 2018-01-18 13:35:24,307 UCF - getProviders()
[DEBUG] 2018-01-18 13:35:24,309 UCF - populateDropdownList()
[DEBUG] 2018-01-18 13:35:24,310 X3Context - X3Context()
[DEBUG] 2018-01-18 13:35:25,042 Program - Vpret()
[DEBUG] 2018-01-18 13:35:25,043 Program - removeLog()
[DEBUG] 2018-01-18 13:35:25,245 UserManager - UserManager()
[DEBUG] 2018-01-18 13:35:25,246 UserManager - trimUserName()
[DEBUG] 2018-01-18 13:35:25,246 UserManager - getRightAccess()
[DEBUG] 2018-01-18 13:35:25,246 Program - AdaptUserControlView()
[DEBUG] 2018-01-18 13:35:25,248 UserManager - checkRight()
[DEBUG] 2018-01-18 13:35:25,249 VpretContext - VpretContext()
[DEBUG] 2018-01-18 13:35:25,283 Program - before panel added
[DEBUG] 2018-01-18 13:35:25,287 Program - after panel added
[DEBUG] 2018-01-18 13:35:25,287 Program - AdaptUserControlView passed
[DEBUG] 2018-01-18 13:35:25,904 UCRP - UCRP_Load()
[DEBUG] 2018-01-18 13:41:03,934 Program - *********************************************
[DEBUG] 2018-01-18 13:41:03,944 Program - Program starting...
[DEBUG] 2018-01-18 13:41:03,952 UCRP - UCRP()
[DEBUG] 2018-01-18 13:41:04,209 UCRP - Init component passed
[DEBUG] 2018-01-18 13:41:04,210 UCF - UCF()
[DEBUG] 2018-01-18 13:41:04,260 UCF - getProviders()
[DEBUG] 2018-01-18 13:41:04,262 UCF - populateDropdownList()
[DEBUG] 2018-01-18 13:41:04,263 X3Context - X3Context()
[DEBUG] 2018-01-18 13:41:04,987 Program - Vpret()
[DEBUG] 2018-01-18 13:41:04,988 Program - removeLog()
[DEBUG] 2018-01-18 13:41:05,180 UserManager - UserManager()
[DEBUG] 2018-01-18 13:41:05,181 UserManager - trimUserName()
[DEBUG] 2018-01-18 13:41:05,181 UserManager - getRightAccess()
[DEBUG] 2018-01-18 13:41:05,181 Program - AdaptUserControlView()
[DEBUG] 2018-01-18 13:41:05,183 UserManager - checkRight()
[DEBUG] 2018-01-18 13:41:05,184 VpretContext - VpretContext()
[DEBUG] 2018-01-18 13:41:05,214 Program - before panel added
[DEBUG] 2018-01-18 13:41:05,217 Program - after panel added
[DEBUG] 2018-01-18 13:41:05,217 Program - AdaptUserControlView passed
[DEBUG] 2018-01-18 13:41:05,832 UCRP - UCRP_Load()
[DEBUG] 2018-01-18 13:44:37,031 Program - *********************************************
[DEBUG] 2018-01-18 13:44:37,042 Program - Program starting...
[DEBUG] 2018-01-18 13:44:37,050 UCRP - UCRP()
[DEBUG] 2018-01-18 13:44:37,289 UCRP - Init component passed
[DEBUG] 2018-01-18 13:44:37,290 UCF - UCF()
[DEBUG] 2018-01-18 13:44:37,339 UCF - getProviders()
[DEBUG] 2018-01-18 13:44:37,342 UCF - populateDropdownList()
[DEBUG] 2018-01-18 13:44:37,343 X3Context - X3Context()
[DEBUG] 2018-01-18 13:44:38,091 Program - Vpret()
[DEBUG] 2018-01-18 13:44:38,091 Program - removeLog()
[DEBUG] 2018-01-18 13:44:38,274 UserManager - UserManager()
[DEBUG] 2018-01-18 13:44:38,275 UserManager - trimUserName()
[DEBUG] 2018-01-18 13:44:38,276 UserManager - getRightAccess()
[DEBUG] 2018-01-18 13:44:38,276 Program - AdaptUserControlView()
[DEBUG] 2018-01-18 13:44:38,278 UserManager - checkRight()
[DEBUG] 2018-01-18 13:44:38,279 VpretContext - VpretContext()
[DEBUG] 2018-01-18 13:44:38,330 Program - before panel added
[DEBUG] 2018-01-18 13:44:38,333 Program - after panel added
[DEBUG] 2018-01-18 13:44:38,333 Program - AdaptUserControlView passed
[DEBUG] 2018-01-18 13:44:38,952 UCRP - UCRP_Load()
[DEBUG] 2018-01-18 14:00:38,320 Program - *********************************************
[DEBUG] 2018-01-18 14:00:38,330 Program - Program starting...
[DEBUG] 2018-01-18 14:00:38,341 UCRP - UCRP()
[DEBUG] 2018-01-18 14:00:38,636 UCRP - Init component passed
[DEBUG] 2018-01-18 14:00:38,637 UCF - UCF()
[DEBUG] 2018-01-18 14:00:38,689 UCF - getProviders()
[DEBUG] 2018-01-18 14:00:38,691 UCF - populateDropdownList()
[DEBUG] 2018-01-18 14:00:38,692 X3Context - X3Context()
[DEBUG] 2018-01-18 14:00:39,511 Program - Vpret()
[DEBUG] 2018-01-18 14:00:39,512 Program - removeLog()
[DEBUG] 2018-01-18 14:00:39,743 UserManager - UserManager()
[DEBUG] 2018-01-18 14:00:39,744 UserManager - trimUserName()
[DEBUG] 2018-01-18 14:00:39,745 UserManager - getRightAccess()
[DEBUG] 2018-01-18 14:00:39,745 Program - AdaptUserControlView()
[DEBUG] 2018-01-18 14:00:39,747 UserManager - checkRight()
[DEBUG] 2018-01-18 14:00:39,748 VpretContext - VpretContext()
[DEBUG] 2018-01-18 14:00:39,797 Program - before panel added
[DEBUG] 2018-01-18 14:00:39,801 Program - after panel added
[DEBUG] 2018-01-18 14:00:39,801 Program - AdaptUserControlView passed
[DEBUG] 2018-01-18 14:00:40,446 UCRP - UCRP_Load()
[DEBUG] 2018-01-18 14:00:47,821 UCRP - radTextBoxSoc_KeyDown()
[DEBUG] 2018-01-18 14:00:48,058 UCRP - radTextBoxSoc_KeyDown()
[DEBUG] 2018-01-18 14:00:48,442 UCRP - radTextBoxSoc_KeyDown()
[DEBUG] 2018-01-18 14:00:48,810 UCRP - radTextBoxSoc_KeyDown()
[DEBUG] 2018-01-18 14:00:48,938 UCRP - radTextBoxSoc_KeyDown()
[DEBUG] 2018-01-18 14:00:49,099 UCRP - radTextBoxSoc_KeyDown()
[DEBUG] 2018-01-18 14:00:50,427 UCRP - radTextBoxSoc_KeyDown()
[DEBUG] 2018-01-18 14:00:50,874 UCRP - radTextBoxSoc_KeyDown()
[DEBUG] 2018-01-18 14:00:51,499 UCRP - radTextBoxSoc_KeyDown()
[DEBUG] 2018-01-18 14:00:51,722 UCRP - radTextBoxSoc_KeyDown()
[DEBUG] 2018-01-18 14:00:52,539 UCRP - radTextBoxSoc_KeyDown()
[DEBUG] 2018-01-18 14:00:52,730 UCRP - radTextBoxSoc_KeyDown()
[DEBUG] 2018-01-18 14:00:52,795 UCRP - radTextBoxSoc_KeyDown()
[DEBUG] 2018-01-18 14:00:53,050 UCRP - radTextBoxSoc_KeyDown()
[DEBUG] 2018-01-18 14:00:53,402 UCRP - radTextBoxSoc_KeyDown()
[DEBUG] 2018-01-18 14:00:53,594 UCRP - radTextBoxSoc_KeyDown()
[DEBUG] 2018-01-18 14:00:53,674 UCRP - radTextBoxSoc_KeyDown()
[DEBUG] 2018-01-18 14:00:53,803 UCRP - radTextBoxSoc_KeyDown()
[DEBUG] 2018-01-18 14:00:54,346 UCRP - radTextBoxSoc_KeyDown()
[DEBUG] 2018-01-18 14:00:55,323 UCRP - radTextBoxSoc_KeyDown()
[DEBUG] 2018-01-18 14:02:52,863 Program - *********************************************
[DEBUG] 2018-01-18 14:02:52,874 Program - Program starting...
[DEBUG] 2018-01-18 14:02:52,883 UCRP - UCRP()
[DEBUG] 2018-01-18 14:02:53,116 UCRP - Init component passed
[DEBUG] 2018-01-18 14:02:53,117 UCF - UCF()
[DEBUG] 2018-01-18 14:02:53,165 UCF - getProviders()
[DEBUG] 2018-01-18 14:02:53,167 UCF - populateDropdownList()
[DEBUG] 2018-01-18 14:02:53,168 X3Context - X3Context()
[DEBUG] 2018-01-18 14:02:53,906 Program - Vpret()
[DEBUG] 2018-01-18 14:02:53,907 Program - removeLog()
[DEBUG] 2018-01-18 14:02:54,095 UserManager - UserManager()
[DEBUG] 2018-01-18 14:02:54,097 UserManager - trimUserName()
[DEBUG] 2018-01-18 14:02:54,097 UserManager - getRightAccess()
[DEBUG] 2018-01-18 14:02:54,097 Program - AdaptUserControlView()
[DEBUG] 2018-01-18 14:02:54,099 UserManager - checkRight()
[DEBUG] 2018-01-18 14:02:54,100 VpretContext - VpretContext()
[DEBUG] 2018-01-18 14:02:54,129 Program - before panel added
[DEBUG] 2018-01-18 14:02:54,132 Program - after panel added
[DEBUG] 2018-01-18 14:02:54,132 Program - AdaptUserControlView passed
[DEBUG] 2018-01-18 14:02:54,747 UCRP - UCRP_Load()
[DEBUG] 2018-01-18 14:03:02,428 UCRP - radTextBoxSoc_KeyDown()
[DEBUG] 2018-01-18 14:03:02,505 UCRP - radTextBoxSoc_KeyDown()
[DEBUG] 2018-01-18 14:03:02,969 UCRP - radTextBoxSoc_KeyDown()
[DEBUG] 2018-01-18 14:03:03,257 UCRP - radTextBoxSoc_KeyDown()
[DEBUG] 2018-01-18 14:03:03,352 UCRP - radTextBoxSoc_KeyDown()
[DEBUG] 2018-01-18 14:03:03,528 UCRP - radTextBoxSoc_KeyDown()
[DEBUG] 2018-01-18 14:03:04,601 UCRP - radTextBoxSoc_KeyDown()
[DEBUG] 2018-01-18 14:03:04,856 UCRP - radTextBoxSoc_KeyDown()
[DEBUG] 2018-01-18 14:03:05,064 UCRP - radTextBoxSoc_KeyDown()
[DEBUG] 2018-01-18 14:03:05,128 UCRP - radTextBoxSoc_KeyDown()
[DEBUG] 2018-01-18 14:03:05,242 UCRP - radTextBoxSoc_KeyDown()
[DEBUG] 2018-01-18 14:03:09,416 UCRP - radTextBoxSoc_KeyDown()
[DEBUG] 2018-01-18 14:11:49,548 Program - *********************************************
[DEBUG] 2018-01-18 14:11:49,557 Program - Program starting...
[DEBUG] 2018-01-18 14:11:49,565 UCRP - UCRP()
[DEBUG] 2018-01-18 14:11:49,809 UCRP - Init component passed
[DEBUG] 2018-01-18 14:11:49,810 UCF - UCF()
[DEBUG] 2018-01-18 14:11:49,861 UCF - getProviders()
[DEBUG] 2018-01-18 14:11:49,863 UCF - populateDropdownList()
[DEBUG] 2018-01-18 14:11:49,864 X3Context - X3Context()
[DEBUG] 2018-01-18 14:11:50,681 Program - Vpret()
[DEBUG] 2018-01-18 14:11:50,682 Program - removeLog()
[DEBUG] 2018-01-18 14:11:50,889 UserManager - UserManager()
[DEBUG] 2018-01-18 14:11:50,890 UserManager - trimUserName()
[DEBUG] 2018-01-18 14:11:50,890 UserManager - getRightAccess()
[DEBUG] 2018-01-18 14:11:50,891 Program - AdaptUserControlView()
[DEBUG] 2018-01-18 14:11:50,892 UserManager - checkRight()
[DEBUG] 2018-01-18 14:11:50,893 VpretContext - VpretContext()
[DEBUG] 2018-01-18 14:11:50,933 Program - before panel added
[DEBUG] 2018-01-18 14:11:50,937 Program - after panel added
[DEBUG] 2018-01-18 14:11:50,937 Program - AdaptUserControlView passed
[DEBUG] 2018-01-18 14:11:51,621 UCRP - UCRP_Load()
[DEBUG] 2018-01-18 14:11:56,438 UCRP - radTextBoxSoc_KeyDown()
[DEBUG] 2018-01-18 14:11:56,577 UCRP - radTextBoxSoc_KeyDown()
[DEBUG] 2018-01-18 14:11:56,993 UCRP - radTextBoxSoc_KeyDown()
[DEBUG] 2018-01-18 14:11:56,996 UCRP - radTextBoxSoc_KeyDown()
[DEBUG] 2018-01-18 14:11:57,585 UCRP - radTextBoxSoc_KeyDown()
[DEBUG] 2018-01-18 14:11:58,433 UCRP - radTextBoxSoc_KeyDown()
[DEBUG] 2018-01-18 14:11:59,009 UCRP - radTextBoxSoc_KeyDown()
[DEBUG] 2018-01-18 14:11:59,937 UCRP - radTextBoxSoc_KeyDown()
[DEBUG] 2018-01-18 14:12:00,289 UCRP - radTextBoxSoc_KeyDown()
[DEBUG] 2018-01-18 14:12:00,705 UCRP - radTextBoxSoc_KeyDown()
[DEBUG] 2018-01-18 14:12:01,153 UCRP - radTextBoxSoc_KeyDown()
[DEBUG] 2018-01-18 14:12:01,985 UCRP - radTextBoxSoc_KeyDown()
[DEBUG] 2018-01-18 14:19:37,558 Program - *********************************************
[DEBUG] 2018-01-18 14:19:37,569 Program - Program starting...
[DEBUG] 2018-01-18 14:19:37,589 UCRP - UCRP()
[DEBUG] 2018-01-18 14:19:38,012 UCRP - Init component passed
[DEBUG] 2018-01-18 14:19:38,013 UCF - UCF()
[DEBUG] 2018-01-18 14:19:38,063 UCF - getProviders()
[DEBUG] 2018-01-18 14:19:38,079 UCF - populateDropdownList()
[DEBUG] 2018-01-18 14:19:38,080 X3Context - X3Context()
[DEBUG] 2018-01-18 14:19:38,823 Program - Vpret()
[DEBUG] 2018-01-18 14:19:38,823 Program - removeLog()
[DEBUG] 2018-01-18 14:19:39,017 UserManager - UserManager()
[DEBUG] 2018-01-18 14:19:39,018 UserManager - trimUserName()
[DEBUG] 2018-01-18 14:19:39,019 UserManager - getRightAccess()
[DEBUG] 2018-01-18 14:19:39,019 Program - AdaptUserControlView()
[DEBUG] 2018-01-18 14:19:39,021 UserManager - checkRight()
[DEBUG] 2018-01-18 14:19:39,022 VpretContext - VpretContext()
[DEBUG] 2018-01-18 14:19:39,059 Program - before panel added
[DEBUG] 2018-01-18 14:19:39,063 Program - after panel added
[DEBUG] 2018-01-18 14:19:39,063 Program - AdaptUserControlView passed
[DEBUG] 2018-01-18 14:19:39,682 UCRP - UCRP_Load()
[DEBUG] 2018-01-18 14:19:43,406 UCRP - radTextBoxSoc_KeyDown()
[DEBUG] 2018-01-18 14:19:43,451 UCRP - radTextBoxSoc_KeyDown()
[DEBUG] 2018-01-18 14:19:43,738 UCRP - radTextBoxSoc_KeyDown()
[DEBUG] 2018-01-18 14:19:44,298 UCRP - radTextBoxSoc_KeyDown()
[DEBUG] 2018-01-18 14:21:05,266 Program - *********************************************
[DEBUG] 2018-01-18 14:21:05,274 Program - Program starting...
[DEBUG] 2018-01-18 14:21:05,281 UCRP - UCRP()
[DEBUG] 2018-01-18 14:21:05,533 UCRP - Init component passed
[DEBUG] 2018-01-18 14:21:05,534 UCF - UCF()
[DEBUG] 2018-01-18 14:21:05,584 UCF - getProviders()
[DEBUG] 2018-01-18 14:21:05,587 UCF - populateDropdownList()
[DEBUG] 2018-01-18 14:21:05,588 X3Context - X3Context()
[DEBUG] 2018-01-18 14:21:06,327 Program - Vpret()
[DEBUG] 2018-01-18 14:21:06,328 Program - removeLog()
[DEBUG] 2018-01-18 14:21:06,498 UserManager - UserManager()
[DEBUG] 2018-01-18 14:21:06,499 UserManager - trimUserName()
[DEBUG] 2018-01-18 14:21:06,499 UserManager - getRightAccess()
[DEBUG] 2018-01-18 14:21:06,500 Program - AdaptUserControlView()
[DEBUG] 2018-01-18 14:21:06,502 UserManager - checkRight()
[DEBUG] 2018-01-18 14:21:06,503 VpretContext - VpretContext()
[DEBUG] 2018-01-18 14:21:06,553 Program - before panel added
[DEBUG] 2018-01-18 14:21:06,556 Program - after panel added
[DEBUG] 2018-01-18 14:21:06,556 Program - AdaptUserControlView passed
[DEBUG] 2018-01-18 14:21:07,341 UCRP - UCRP_Load()
[DEBUG] 2018-01-18 14:21:11,868 UCRP - radTextBoxSoc_KeyDown()
[DEBUG] 2018-01-18 14:21:12,025 UCRP - radTextBoxSoc_KeyDown()
[DEBUG] 2018-01-18 14:21:12,201 UCRP - radTextBoxSoc_KeyDown()
[DEBUG] 2018-01-18 14:23:35,854 Program - *********************************************
[DEBUG] 2018-01-18 14:23:35,863 Program - Program starting...
[DEBUG] 2018-01-18 14:23:35,871 UCRP - UCRP()
[DEBUG] 2018-01-18 14:23:36,192 UCRP - Init component passed
[DEBUG] 2018-01-18 14:23:36,193 UCF - UCF()
[DEBUG] 2018-01-18 14:23:36,254 UCF - getProviders()
[DEBUG] 2018-01-18 14:23:36,257 UCF - populateDropdownList()
[DEBUG] 2018-01-18 14:23:36,258 X3Context - X3Context()
[DEBUG] 2018-01-18 14:23:37,155 Program - Vpret()
[DEBUG] 2018-01-18 14:23:37,155 Program - removeLog()
[DEBUG] 2018-01-18 14:23:37,407 UserManager - UserManager()
[DEBUG] 2018-01-18 14:23:37,408 UserManager - trimUserName()
[DEBUG] 2018-01-18 14:23:37,408 UserManager - getRightAccess()
[DEBUG] 2018-01-18 14:23:37,409 Program - AdaptUserControlView()
[DEBUG] 2018-01-18 14:23:37,411 UserManager - checkRight()
[DEBUG] 2018-01-18 14:23:37,412 VpretContext - VpretContext()
[DEBUG] 2018-01-18 14:23:37,444 Program - before panel added
[DEBUG] 2018-01-18 14:23:37,448 Program - after panel added
[DEBUG] 2018-01-18 14:23:37,448 Program - AdaptUserControlView passed
[DEBUG] 2018-01-18 14:23:38,106 UCRP - UCRP_Load()
[DEBUG] 2018-01-18 14:23:40,778 UCRP - radTextBoxSoc_KeyDown()
[DEBUG] 2018-01-18 14:23:40,887 UCRP - radTextBoxSoc_KeyDown()
[DEBUG] 2018-01-18 14:23:41,063 UCRP - radTextBoxSoc_KeyDown()
[DEBUG] 2018-01-18 14:23:43,864 UCRP - radTextBoxSoc_KeyDown()
[DEBUG] 2018-01-18 14:23:45,609 UCRP - radTextBoxPN_KeyDown()
[DEBUG] 2018-01-18 14:31:26,200 Program - *********************************************
[DEBUG] 2018-01-18 14:31:26,208 Program - Program starting...
[DEBUG] 2018-01-18 14:31:26,215 UCRP - UCRP()
[DEBUG] 2018-01-18 14:31:26,479 UCRP - Init component passed
[DEBUG] 2018-01-18 14:31:26,480 UCF - UCF()
[DEBUG] 2018-01-18 14:31:26,538 UCF - getProviders()
[DEBUG] 2018-01-18 14:31:26,540 UCF - populateDropdownList()
[DEBUG] 2018-01-18 14:31:26,541 X3Context - X3Context()
[DEBUG] 2018-01-18 14:31:27,377 Program - Vpret()
[DEBUG] 2018-01-18 14:31:27,378 Program - removeLog()
[DEBUG] 2018-01-18 14:31:27,603 UserManager - UserManager()
[DEBUG] 2018-01-18 14:31:27,605 UserManager - trimUserName()
[DEBUG] 2018-01-18 14:31:27,605 UserManager - getRightAccess()
[DEBUG] 2018-01-18 14:31:27,606 Program - AdaptUserControlView()
[DEBUG] 2018-01-18 14:31:27,609 UserManager - checkRight()
[DEBUG] 2018-01-18 14:31:27,610 VpretContext - VpretContext()
[DEBUG] 2018-01-18 14:31:27,673 Program - before panel added
[DEBUG] 2018-01-18 14:31:27,678 Program - after panel added
[DEBUG] 2018-01-18 14:31:27,678 Program - AdaptUserControlView passed
[DEBUG] 2018-01-18 14:31:28,425 UCRP - UCRP_Load()
[DEBUG] 2018-01-18 14:31:31,604 UCRP - radTextBoxPN_KeyDown()
[DEBUG] 2018-01-18 14:31:31,730 UCRP - radTextBoxPN_KeyDown()
[DEBUG] 2018-01-18 14:31:31,734 UCRP - radTextBoxPN_KeyDown()
[DEBUG] 2018-01-18 14:31:31,860 UCRP - radTextBoxPN_KeyDown()
[DEBUG] 2018-01-18 14:31:32,306 UCRP - radTextBoxPN_KeyDown()
[DEBUG] 2018-01-18 14:33:07,130 Program - *********************************************
[DEBUG] 2018-01-18 14:33:07,138 Program - Program starting...
[DEBUG] 2018-01-18 14:33:07,145 UCRP - UCRP()
[DEBUG] 2018-01-18 14:33:07,392 UCRP - Init component passed
[DEBUG] 2018-01-18 14:33:07,393 UCF - UCF()
[DEBUG] 2018-01-18 14:33:07,457 UCF - getProviders()
[DEBUG] 2018-01-18 14:33:07,459 UCF - populateDropdownList()
[DEBUG] 2018-01-18 14:33:07,460 X3Context - X3Context()
[DEBUG] 2018-01-18 14:33:08,188 Program - Vpret()
[DEBUG] 2018-01-18 14:33:08,188 Program - removeLog()
[DEBUG] 2018-01-18 14:33:08,371 UserManager - UserManager()
[DEBUG] 2018-01-18 14:33:08,372 UserManager - trimUserName()
[DEBUG] 2018-01-18 14:33:08,372 UserManager - getRightAccess()
[DEBUG] 2018-01-18 14:33:08,373 Program - AdaptUserControlView()
[DEBUG] 2018-01-18 14:33:08,375 UserManager - checkRight()
[DEBUG] 2018-01-18 14:33:08,376 VpretContext - VpretContext()
[DEBUG] 2018-01-18 14:33:08,423 Program - before panel added
[DEBUG] 2018-01-18 14:33:08,426 Program - after panel added
[DEBUG] 2018-01-18 14:33:08,426 Program - AdaptUserControlView passed
[DEBUG] 2018-01-18 14:33:09,061 UCRP - UCRP_Load()
[DEBUG] 2018-01-18 14:33:38,849 UCRP - radTextBoxPN_KeyDown()
[DEBUG] 2018-01-18 14:33:39,040 UCRP - radTextBoxPN_KeyDown()
[DEBUG] 2018-01-18 14:33:39,280 UCRP - radTextBoxPN_KeyDown()
[DEBUG] 2018-01-18 14:33:40,528 UCRP - radTextBoxPN_KeyDown()
[DEBUG] 2018-01-18 14:33:51,377 UCRP - radTextBoxPN_KeyDown()
[DEBUG] 2018-01-18 14:33:53,843 UCRP - radTextBoxSN_KeyDown()
[DEBUG] 2018-01-18 14:33:54,160 UCRP - radTextBoxSN_KeyDown()
[DEBUG] 2018-01-18 14:33:54,879 UCRP - radTextBoxSN_KeyDown()
[DEBUG] 2018-01-18 14:33:55,089 UCRP - radTextBoxSN_KeyDown()
[DEBUG] 2018-01-18 14:33:55,121 UCRP - radTextBoxSN_KeyDown()
[DEBUG] 2018-01-18 14:33:55,360 UCRP - radTextBoxSN_KeyDown()
[DEBUG] 2018-01-18 14:33:55,568 UCRP - radTextBoxSN_KeyDown()
[DEBUG] 2018-01-18 14:33:55,728 UCRP - radTextBoxSN_KeyDown()
[DEBUG] 2018-01-18 14:36:15,435 Program - *********************************************
[DEBUG] 2018-01-18 14:36:15,444 Program - Program starting...
[DEBUG] 2018-01-18 14:36:15,451 UCRP - UCRP()
[DEBUG] 2018-01-18 14:36:15,689 UCRP - Init component passed
[DEBUG] 2018-01-18 14:36:15,690 UCF - UCF()
[DEBUG] 2018-01-18 14:36:15,739 UCF - getProviders()
[DEBUG] 2018-01-18 14:36:15,741 UCF - populateDropdownList()
[DEBUG] 2018-01-18 14:36:15,742 X3Context - X3Context()
[DEBUG] 2018-01-18 14:36:16,514 Program - Vpret()
[DEBUG] 2018-01-18 14:36:16,514 Program - removeLog()
[DEBUG] 2018-01-18 14:36:16,697 UserManager - UserManager()
[DEBUG] 2018-01-18 14:36:16,698 UserManager - trimUserName()
[DEBUG] 2018-01-18 14:36:16,698 UserManager - getRightAccess()
[DEBUG] 2018-01-18 14:36:16,699 Program - AdaptUserControlView()
[DEBUG] 2018-01-18 14:36:16,701 UserManager - checkRight()
[DEBUG] 2018-01-18 14:36:16,702 VpretContext - VpretContext()
[DEBUG] 2018-01-18 14:36:16,749 Program - before panel added
[DEBUG] 2018-01-18 14:36:16,753 Program - after panel added
[DEBUG] 2018-01-18 14:36:16,753 Program - AdaptUserControlView passed
[DEBUG] 2018-01-18 14:36:17,410 UCRP - UCRP_Load()
[DEBUG] 2018-01-18 14:36:32,673 UCRP - radTextBoxSN_KeyDown()
[DEBUG] 2018-01-18 14:36:33,005 UCRP - radTextBoxSN_KeyDown()
[DEBUG] 2018-01-18 14:36:33,565 UCRP - radTextBoxSN_KeyDown()
[DEBUG] 2018-01-18 14:36:34,285 UCRP - radTextBoxSN_KeyDown()
[DEBUG] 2018-01-18 14:36:34,493 UCRP - radTextBoxSN_KeyDown()
[DEBUG] 2018-01-18 14:36:34,750 UCRP - radTextBoxSN_KeyDown()
[DEBUG] 2018-01-18 14:36:39,631 UCRP - radTextBoxPN_KeyDown()
[DEBUG] 2018-01-18 14:36:39,821 UCRP - radTextBoxPN_KeyDown()
[DEBUG] 2018-01-18 14:36:40,221 UCRP - radTextBoxPN_KeyDown()
[DEBUG] 2018-01-18 14:36:40,414 UCRP - radTextBoxPN_KeyDown()
[DEBUG] 2018-01-18 14:36:40,733 UCRP - radTextBoxPN_KeyDown()
[DEBUG] 2018-01-18 14:36:41,118 UCRP - radTextBoxPN_KeyDown()
[DEBUG] 2018-01-18 14:36:42,301 UCRP - radTextBoxPN_KeyDown()
[DEBUG] 2018-01-18 14:36:42,510 UCRP - radTextBoxPN_KeyDown()
[DEBUG] 2018-01-18 14:36:43,358 UCRP - radTextBoxPN_KeyDown()
[DEBUG] 2018-01-18 14:36:43,838 UCRP - radTextBoxPN_KeyDown()
[DEBUG] 2018-01-18 14:36:44,317 UCRP - radTextBoxPN_KeyDown()
[DEBUG] 2018-01-18 14:36:49,166 UCRP - radTextBoxPN_KeyDown()
[DEBUG] 2018-01-18 14:36:54,334 UCRP - radTextBoxPN_KeyDown()
[DEBUG] 2018-01-18 14:36:54,478 UCRP - radTextBoxPN_KeyDown()
[DEBUG] 2018-01-18 14:36:54,989 UCRP - radTextBoxSN_KeyDown()
[DEBUG] 2018-01-18 14:36:55,085 UCRP - radTextBoxSN_KeyDown()
[DEBUG] 2018-01-18 14:36:55,677 UCRP - radTextBoxSN_KeyDown()
[DEBUG] 2018-01-18 14:37:08,989 UCRP - radTextBoxPN_KeyDown()
[DEBUG] 2018-01-18 14:37:09,581 UCRP - radTextBoxSN_KeyDown()
[DEBUG] 2018-01-18 14:37:13,629 UCRP - radTextBoxSN_KeyDown()
[DEBUG] 2018-01-18 14:37:14,477 UCRP - radTextBoxSN_KeyDown()
[DEBUG] 2018-01-18 14:37:15,725 UCRP - radTextBoxSN_KeyDown()
[DEBUG] 2018-01-18 14:37:18,366 UCRP - radTextBoxSoc_KeyDown()
[DEBUG] 2018-01-18 14:37:19,293 UCRP - radTextBoxSoc_KeyDown()
[DEBUG] 2018-01-18 14:37:19,564 UCRP - radTextBoxSoc_KeyDown()
[DEBUG] 2018-01-18 14:37:19,852 UCRP - radTextBoxSoc_KeyDown()
[DEBUG] 2018-01-18 14:37:20,157 UCRP - radTextBoxSoc_KeyDown()
[DEBUG] 2018-01-18 14:37:20,367 UCRP - radTextBoxSoc_KeyDown()
[DEBUG] 2018-01-18 14:37:20,589 UCRP - radTextBoxSoc_KeyDown()
[DEBUG] 2018-01-18 14:37:20,701 UCRP - radTextBoxSoc_KeyDown()
[DEBUG] 2018-01-18 14:37:21,213 UCRP - radTextBoxSoc_KeyDown()
[DEBUG] 2018-01-18 14:38:51,448 Program - *********************************************
[DEBUG] 2018-01-18 14:38:51,457 Program - Program starting...
[DEBUG] 2018-01-18 14:38:51,465 UCRP - UCRP()
[DEBUG] 2018-01-18 14:38:51,702 UCRP - Init component passed
[DEBUG] 2018-01-18 14:38:51,703 UCF - UCF()
[DEBUG] 2018-01-18 14:38:51,754 UCF - getProviders()
[DEBUG] 2018-01-18 14:38:51,756 UCF - populateDropdownList()
[DEBUG] 2018-01-18 14:38:51,757 X3Context - X3Context()
[DEBUG] 2018-01-18 14:38:52,501 Program - Vpret()
[DEBUG] 2018-01-18 14:38:52,501 Program - removeLog()
[DEBUG] 2018-01-18 14:38:52,701 UserManager - UserManager()
[DEBUG] 2018-01-18 14:38:52,702 UserManager - trimUserName()
[DEBUG] 2018-01-18 14:38:52,702 UserManager - getRightAccess()
[DEBUG] 2018-01-18 14:38:52,703 Program - AdaptUserControlView()
[DEBUG] 2018-01-18 14:38:52,705 UserManager - checkRight()
[DEBUG] 2018-01-18 14:38:52,705 VpretContext - VpretContext()
[DEBUG] 2018-01-18 14:38:52,735 Program - before panel added
[DEBUG] 2018-01-18 14:38:52,738 Program - after panel added
[DEBUG] 2018-01-18 14:38:52,738 Program - AdaptUserControlView passed
[DEBUG] 2018-01-18 14:38:53,411 UCRP - UCRP_Load()
[DEBUG] 2018-01-18 14:39:01,760 UCRP - radTextBoxSoc_KeyDown()
[DEBUG] 2018-01-18 14:39:01,852 UCRP - radTextBoxSoc_KeyDown()
[DEBUG] 2018-01-18 14:39:02,155 UCRP - radTextBoxSoc_KeyDown()
[DEBUG] 2018-01-18 14:39:02,443 UCRP - radTextBoxSoc_KeyDown()
[DEBUG] 2018-01-18 14:39:02,571 UCRP - radTextBoxSoc_KeyDown()
[DEBUG] 2018-01-18 14:39:02,748 UCRP - radTextBoxSoc_KeyDown()
[DEBUG] 2018-01-18 14:39:13,757 UCRP - radTextBoxSoc_KeyDown()
[DEBUG] 2018-01-18 14:39:13,963 UCRP - radTextBoxSoc_KeyDown()
[DEBUG] 2018-01-18 14:39:14,123 UCRP - radTextBoxSoc_KeyDown()
[DEBUG] 2018-01-18 14:39:14,235 UCRP - radTextBoxSoc_KeyDown()
[DEBUG] 2018-01-18 14:39:21,803 UCRP - radTextBoxSoc_KeyDown()
[DEBUG] 2018-01-18 14:39:22,605 UCRP - radTextBoxSoc_KeyDown()
[DEBUG] 2018-01-18 14:39:24,716 UCRP - radTextBoxSoc_KeyDown()
[DEBUG] 2018-01-18 14:43:11,096 Program - *********************************************
[DEBUG] 2018-01-18 14:43:11,104 Program - Program starting...
[DEBUG] 2018-01-18 14:43:11,111 UCRP - UCRP()
[DEBUG] 2018-01-18 14:43:11,376 UCRP - Init component passed
[DEBUG] 2018-01-18 14:43:11,377 UCF - UCF()
[DEBUG] 2018-01-18 14:43:11,429 UCF - getProviders()
[DEBUG] 2018-01-18 14:43:11,431 UCF - populateDropdownList()
[DEBUG] 2018-01-18 14:43:11,432 X3Context - X3Context()
[DEBUG] 2018-01-18 14:43:12,159 Program - Vpret()
[DEBUG] 2018-01-18 14:43:12,160 Program - removeLog()
[DEBUG] 2018-01-18 14:43:12,361 UserManager - UserManager()
[DEBUG] 2018-01-18 14:43:12,362 UserManager - trimUserName()
[DEBUG] 2018-01-18 14:43:12,362 UserManager - getRightAccess()
[DEBUG] 2018-01-18 14:43:12,363 Program - AdaptUserControlView()
[DEBUG] 2018-01-18 14:43:12,365 UserManager - checkRight()
[DEBUG] 2018-01-18 14:43:12,366 VpretContext - VpretContext()
[DEBUG] 2018-01-18 14:43:12,395 Program - before panel added
[DEBUG] 2018-01-18 14:43:12,399 Program - after panel added
[DEBUG] 2018-01-18 14:43:12,399 Program - AdaptUserControlView passed
[DEBUG] 2018-01-18 14:43:13,051 UCRP - UCRP_Load()
[DEBUG] 2018-01-18 14:44:07,320 UCRP - radTextBoxSoc_KeyDown()
[DEBUG] 2018-01-18 14:44:07,431 UCRP - radTextBoxSoc_KeyDown()
[DEBUG] 2018-01-18 14:44:07,447 UCRP - radTextBoxSoc_KeyDown()
[DEBUG] 2018-01-18 14:44:07,960 UCRP - radTextBoxSoc_KeyDown()
[DEBUG] 2018-01-18 14:44:08,727 UCRP - radTextBoxSoc_KeyDown()
[DEBUG] 2018-01-18 14:44:09,304 UCRP - radTextBoxSoc_KeyDown()
[DEBUG] 2018-01-18 14:44:13,239 UCRP - radTextBoxSoc_KeyDown()
[DEBUG] 2018-01-18 14:44:30,631 UCRP - radTextBoxSoc_KeyDown()
[DEBUG] 2018-01-18 14:44:33,271 UCRP - radTextBoxSN_KeyDown()
[DEBUG] 2018-01-18 14:44:33,687 UCRP - radTextBoxSN_KeyDown()
[DEBUG] 2018-01-18 14:44:33,768 UCRP - radTextBoxSN_KeyDown()
[DEBUG] 2018-01-18 14:44:33,896 UCRP - radTextBoxSN_KeyDown()
[DEBUG] 2018-01-18 14:44:34,230 UCRP - radTextBoxSN_KeyDown()
[DEBUG] 2018-01-18 14:44:34,775 UCRP - radTextBoxSN_KeyDown()
[DEBUG] 2018-01-18 14:44:35,143 UCRP - radTextBoxSN_KeyDown()
[DEBUG] 2018-01-18 14:44:35,574 UCRP - radTextBoxSN_KeyDown()
[DEBUG] 2018-01-18 14:44:44,231 UCRP - radTextBoxSN_KeyDown()
[DEBUG] 2018-01-18 14:45:09,118 Program - *********************************************
[DEBUG] 2018-01-18 14:45:09,129 Program - Program starting...
[DEBUG] 2018-01-18 14:45:09,138 UCRP - UCRP()
[DEBUG] 2018-01-18 14:45:09,447 UCRP - Init component passed
[DEBUG] 2018-01-18 14:45:09,448 UCF - UCF()
[DEBUG] 2018-01-18 14:45:09,502 UCF - getProviders()
[DEBUG] 2018-01-18 14:45:09,505 UCF - populateDropdownList()
[DEBUG] 2018-01-18 14:45:09,506 X3Context - X3Context()
[DEBUG] 2018-01-18 14:45:10,374 Program - Vpret()
[DEBUG] 2018-01-18 14:45:10,375 Program - removeLog()
[DEBUG] 2018-01-18 14:45:10,592 UserManager - UserManager()
[DEBUG] 2018-01-18 14:45:10,593 UserManager - trimUserName()
[DEBUG] 2018-01-18 14:45:10,593 UserManager - getRightAccess()
[DEBUG] 2018-01-18 14:45:10,594 Program - AdaptUserControlView()
[DEBUG] 2018-01-18 14:45:10,595 UserManager - checkRight()
[DEBUG] 2018-01-18 14:45:10,596 VpretContext - VpretContext()
[DEBUG] 2018-01-18 14:45:10,637 Program - before panel added
[DEBUG] 2018-01-18 14:45:10,641 Program - after panel added
[DEBUG] 2018-01-18 14:45:10,641 Program - AdaptUserControlView passed
[DEBUG] 2018-01-18 14:45:11,295 UCRP - UCRP_Load()
[DEBUG] 2018-01-18 14:45:22,105 UCRP - radTextBoxPN_KeyDown()
[DEBUG] 2018-01-18 14:45:22,646 UCRP - radTextBoxPN_KeyDown()
[DEBUG] 2018-01-18 14:45:23,126 UCRP - radTextBoxPN_KeyDown()
[DEBUG] 2018-01-18 14:45:23,574 UCRP - radTextBoxPN_KeyDown()
[DEBUG] 2018-01-18 14:45:23,974 UCRP - radTextBoxPN_KeyDown()
[DEBUG] 2018-01-18 14:46:29,722 Program - *********************************************
[DEBUG] 2018-01-18 14:46:29,733 Program - Program starting...
[DEBUG] 2018-01-18 14:46:29,741 UCRP - UCRP()
[DEBUG] 2018-01-18 14:46:29,982 UCRP - Init component passed
[DEBUG] 2018-01-18 14:46:29,983 UCF - UCF()
[DEBUG] 2018-01-18 14:46:30,033 UCF - getProviders()
[DEBUG] 2018-01-18 14:46:30,035 UCF - populateDropdownList()
[DEBUG] 2018-01-18 14:46:30,037 X3Context - X3Context()
[DEBUG] 2018-01-18 14:46:30,774 Program - Vpret()
[DEBUG] 2018-01-18 14:46:30,774 Program - removeLog()
[DEBUG] 2018-01-18 14:46:30,971 UserManager - UserManager()
[DEBUG] 2018-01-18 14:46:30,972 UserManager - trimUserName()
[DEBUG] 2018-01-18 14:46:30,972 UserManager - getRightAccess()
[DEBUG] 2018-01-18 14:46:30,973 Program - AdaptUserControlView()
[DEBUG] 2018-01-18 14:46:30,974 UserManager - checkRight()
[DEBUG] 2018-01-18 14:46:30,975 VpretContext - VpretContext()
[DEBUG] 2018-01-18 14:46:31,004 Program - before panel added
[DEBUG] 2018-01-18 14:46:31,006 Program - after panel added
[DEBUG] 2018-01-18 14:46:31,006 Program - AdaptUserControlView passed
[DEBUG] 2018-01-18 14:47:48,363 UCF - buttonValidate_Click()
[DEBUG] 2018-01-18 14:47:49,200 UCF - getDataFromGrid()
[DEBUG] 2018-01-18 14:47:49,206 UCF - populateDb()
[DEBUG] 2018-01-18 14:47:49,276 UCF - doLoanReport()
[DEBUG] 2018-01-18 14:47:49,278 ReportLoan - testView()
[DEBUG] 2018-01-18 14:47:49,547 ReportLoan - getStaticMember()
[DEBUG] 2018-01-18 14:47:50,825 ReportLoan - sendReportByMail()
[DEBUG] 2018-01-18 14:48:15,441 Program - *********************************************
[DEBUG] 2018-01-18 14:48:15,449 Program - Program starting...
[DEBUG] 2018-01-18 14:48:15,455 UCRP - UCRP()
[DEBUG] 2018-01-18 14:48:15,708 UCRP - Init component passed
[DEBUG] 2018-01-18 14:48:15,709 UCF - UCF()
[DEBUG] 2018-01-18 14:48:15,766 UCF - getProviders()
[DEBUG] 2018-01-18 14:48:15,768 UCF - populateDropdownList()
[DEBUG] 2018-01-18 14:48:15,769 X3Context - X3Context()
[DEBUG] 2018-01-18 14:48:16,486 Program - Vpret()
[DEBUG] 2018-01-18 14:48:16,487 Program - removeLog()
[DEBUG] 2018-01-18 14:48:16,690 UserManager - UserManager()
[DEBUG] 2018-01-18 14:48:16,691 UserManager - trimUserName()
[DEBUG] 2018-01-18 14:48:16,691 UserManager - getRightAccess()
[DEBUG] 2018-01-18 14:48:16,692 Program - AdaptUserControlView()
[DEBUG] 2018-01-18 14:48:16,694 UserManager - checkRight()
[DEBUG] 2018-01-18 14:48:16,694 VpretContext - VpretContext()
[DEBUG] 2018-01-18 14:48:16,723 Program - before panel added
[DEBUG] 2018-01-18 14:48:16,726 Program - after panel added
[DEBUG] 2018-01-18 14:48:16,726 Program - AdaptUserControlView passed
[DEBUG] 2018-01-18 14:48:17,339 UCRP - UCRP_Load()
[DEBUG] 2018-01-18 14:49:01,274 Program - *********************************************
[DEBUG] 2018-01-18 14:49:01,285 Program - Program starting...
[DEBUG] 2018-01-18 14:49:01,293 UCRP - UCRP()
[DEBUG] 2018-01-18 14:49:01,523 UCRP - Init component passed
[DEBUG] 2018-01-18 14:49:01,523 UCF - UCF()
[DEBUG] 2018-01-18 14:49:01,574 UCF - getProviders()
[DEBUG] 2018-01-18 14:49:01,576 UCF - populateDropdownList()
[DEBUG] 2018-01-18 14:49:01,577 X3Context - X3Context()
[DEBUG] 2018-01-18 14:49:02,309 Program - Vpret()
[DEBUG] 2018-01-18 14:49:02,310 Program - removeLog()
[DEBUG] 2018-01-18 14:49:02,512 UserManager - UserManager()
[DEBUG] 2018-01-18 14:49:02,513 UserManager - trimUserName()
[DEBUG] 2018-01-18 14:49:02,513 UserManager - getRightAccess()
[DEBUG] 2018-01-18 14:49:02,513 Program - AdaptUserControlView()
[DEBUG] 2018-01-18 14:49:02,515 UserManager - checkRight()
[DEBUG] 2018-01-18 14:49:02,516 VpretContext - VpretContext()
[DEBUG] 2018-01-18 14:49:02,545 Program - before panel added
[DEBUG] 2018-01-18 14:49:02,547 Program - after panel added
[DEBUG] 2018-01-18 14:49:02,547 Program - AdaptUserControlView passed
[DEBUG] 2018-01-18 14:49:33,005 Program - *********************************************
[DEBUG] 2018-01-18 14:49:33,013 Program - Program starting...
[DEBUG] 2018-01-18 14:49:33,021 UCRP - UCRP()
[DEBUG] 2018-01-18 14:49:33,305 UCRP - Init component passed
[DEBUG] 2018-01-18 14:49:33,306 UCF - UCF()
[DEBUG] 2018-01-18 14:49:33,358 UCF - getProviders()
[DEBUG] 2018-01-18 14:49:33,360 UCF - populateDropdownList()
[DEBUG] 2018-01-18 14:49:33,361 X3Context - X3Context()
[DEBUG] 2018-01-18 14:49:34,110 Program - Vpret()
[DEBUG] 2018-01-18 14:49:34,110 Program - removeLog()
[DEBUG] 2018-01-18 14:49:34,306 UserManager - UserManager()
[DEBUG] 2018-01-18 14:49:34,307 UserManager - trimUserName()
[DEBUG] 2018-01-18 14:49:34,307 UserManager - getRightAccess()
[DEBUG] 2018-01-18 14:49:34,307 Program - AdaptUserControlView()
[DEBUG] 2018-01-18 14:49:34,309 UserManager - checkRight()
[DEBUG] 2018-01-18 14:49:34,310 VpretContext - VpretContext()
[DEBUG] 2018-01-18 14:49:34,357 Program - before panel added
[DEBUG] 2018-01-18 14:49:34,358 Program - after panel added
[DEBUG] 2018-01-18 14:49:34,358 Program - AdaptUserControlView passed
[DEBUG] 2018-01-18 14:49:45,780 Program - *********************************************
[DEBUG] 2018-01-18 14:49:45,788 Program - Program starting...
[DEBUG] 2018-01-18 14:49:45,810 UCRP - UCRP()
[DEBUG] 2018-01-18 14:49:46,049 UCRP - Init component passed
[DEBUG] 2018-01-18 14:49:46,050 UCF - UCF()
[DEBUG] 2018-01-18 14:49:46,099 UCF - getProviders()
[DEBUG] 2018-01-18 14:49:46,101 UCF - populateDropdownList()
[DEBUG] 2018-01-18 14:49:46,102 X3Context - X3Context()
[DEBUG] 2018-01-18 14:49:46,855 Program - Vpret()
[DEBUG] 2018-01-18 14:49:46,855 Program - removeLog()
[DEBUG] 2018-01-18 14:49:47,027 UserManager - UserManager()
[DEBUG] 2018-01-18 14:49:47,028 UserManager - trimUserName()
[DEBUG] 2018-01-18 14:49:47,028 UserManager - getRightAccess()
[DEBUG] 2018-01-18 14:49:47,028 Program - AdaptUserControlView()
[DEBUG] 2018-01-18 14:49:47,030 UserManager - checkRight()
[DEBUG] 2018-01-18 14:49:47,031 VpretContext - VpretContext()
[DEBUG] 2018-01-18 14:49:47,079 Program - before panel added
[DEBUG] 2018-01-18 14:49:47,082 Program - after panel added
[DEBUG] 2018-01-18 14:49:47,082 Program - AdaptUserControlView passed
[DEBUG] 2018-01-18 14:49:47,710 UCRP - UCRP_Load()
[DEBUG] 2018-01-18 14:49:55,559 UCRP - radTextBoxSoc_KeyDown()
[DEBUG] 2018-01-18 14:49:55,652 UCRP - radTextBoxSoc_KeyDown()
[DEBUG] 2018-01-18 14:49:56,051 UCRP - radTextBoxSoc_KeyDown()
[DEBUG] 2018-01-18 14:49:56,420 UCRP - radTextBoxSoc_KeyDown()
[DEBUG] 2018-01-18 14:49:56,692 UCRP - radTextBoxSoc_KeyDown()
[DEBUG] 2018-01-18 14:49:56,932 UCRP - radTextBoxSoc_KeyDown()
[DEBUG] 2018-01-18 14:49:56,995 UCRP - radTextBoxSoc_KeyDown()
[DEBUG] 2018-01-18 14:49:57,139 UCRP - radTextBoxSoc_KeyDown()
[DEBUG] 2018-01-18 14:51:53,380 Program - *********************************************
[DEBUG] 2018-01-18 14:51:53,390 Program - Program starting...
[DEBUG] 2018-01-18 14:51:53,397 UCRP - UCRP()
[DEBUG] 2018-01-18 14:51:53,636 UCRP - Init component passed
[DEBUG] 2018-01-18 14:51:53,637 UCF - UCF()
[DEBUG] 2018-01-18 14:51:53,687 UCF - getProviders()
[DEBUG] 2018-01-18 14:51:53,690 UCF - populateDropdownList()
[DEBUG] 2018-01-18 14:51:53,691 X3Context - X3Context()
[DEBUG] 2018-01-18 14:51:54,438 Program - Vpret()
[DEBUG] 2018-01-18 14:51:54,439 Program - removeLog()
[DEBUG] 2018-01-18 14:51:54,626 UserManager - UserManager()
[DEBUG] 2018-01-18 14:51:54,627 UserManager - trimUserName()
[DEBUG] 2018-01-18 14:51:54,627 UserManager - getRightAccess()
[DEBUG] 2018-01-18 14:51:54,628 Program - AdaptUserControlView()
[DEBUG] 2018-01-18 14:51:54,629 UserManager - checkRight()
[DEBUG] 2018-01-18 14:51:54,630 VpretContext - VpretContext()
[DEBUG] 2018-01-18 14:51:54,677 Program - before panel added
[DEBUG] 2018-01-18 14:51:54,680 Program - after panel added
[DEBUG] 2018-01-18 14:51:54,680 Program - AdaptUserControlView passed
[DEBUG] 2018-01-18 14:51:55,306 UCRP - UCRP_Load()
[DEBUG] 2018-01-18 14:53:18,011 Program - *********************************************
[DEBUG] 2018-01-18 14:53:18,018 Program - Program starting...
[DEBUG] 2018-01-18 14:53:18,025 UCRP - UCRP()
[DEBUG] 2018-01-18 14:53:18,329 UCRP - Init component passed
[DEBUG] 2018-01-18 14:53:18,330 UCF - UCF()
[DEBUG] 2018-01-18 14:53:18,381 UCF - getProviders()
[DEBUG] 2018-01-18 14:53:18,383 UCF - populateDropdownList()
[DEBUG] 2018-01-18 14:53:18,384 X3Context - X3Context()
[DEBUG] 2018-01-18 14:53:19,225 Program - Vpret()
[DEBUG] 2018-01-18 14:53:19,225 Program - removeLog()
[DEBUG] 2018-01-18 14:53:19,402 UserManager - UserManager()
[DEBUG] 2018-01-18 14:53:19,404 UserManager - trimUserName()
[DEBUG] 2018-01-18 14:53:19,404 UserManager - getRightAccess()
[DEBUG] 2018-01-18 14:53:19,405 Program - AdaptUserControlView()
[DEBUG] 2018-01-18 14:53:19,407 UserManager - checkRight()
[DEBUG] 2018-01-18 14:53:19,408 VpretContext - VpretContext()
[DEBUG] 2018-01-18 14:53:19,438 Program - before panel added
[DEBUG] 2018-01-18 14:53:19,441 Program - after panel added
[DEBUG] 2018-01-18 14:53:19,442 Program - AdaptUserControlView passed
[DEBUG] 2018-01-18 14:53:20,097 UCRP - UCRP_Load()
[DEBUG] 2018-01-18 14:54:29,584 Program - *********************************************
[DEBUG] 2018-01-18 14:54:29,595 Program - Program starting...
[DEBUG] 2018-01-18 14:54:29,605 UCRP - UCRP()
[DEBUG] 2018-01-18 14:54:29,895 UCRP - Init component passed
[DEBUG] 2018-01-18 14:54:29,896 UCF - UCF()
[DEBUG] 2018-01-18 14:54:29,949 UCF - getProviders()
[DEBUG] 2018-01-18 14:54:29,951 UCF - populateDropdownList()
[DEBUG] 2018-01-18 14:54:29,952 X3Context - X3Context()
[DEBUG] 2018-01-18 14:54:30,849 Program - Vpret()
[DEBUG] 2018-01-18 14:54:30,850 Program - removeLog()
[DEBUG] 2018-01-18 14:54:31,062 UserManager - UserManager()
[DEBUG] 2018-01-18 14:54:31,064 UserManager - trimUserName()
[DEBUG] 2018-01-18 14:54:31,064 UserManager - getRightAccess()
[DEBUG] 2018-01-18 14:54:31,065 Program - AdaptUserControlView()
[DEBUG] 2018-01-18 14:54:31,067 UserManager - checkRight()
[DEBUG] 2018-01-18 14:54:31,068 VpretContext - VpretContext()
[DEBUG] 2018-01-18 14:54:31,103 Program - before panel added
[DEBUG] 2018-01-18 14:54:31,108 Program - after panel added
[DEBUG] 2018-01-18 14:54:31,108 Program - AdaptUserControlView passed
[DEBUG] 2018-01-18 14:54:32,005 UCRP - UCRP_Load()
[DEBUG] 2018-01-18 14:55:25,130 Program - *********************************************
[DEBUG] 2018-01-18 14:55:25,139 Program - Program starting...
[DEBUG] 2018-01-18 14:55:25,147 UCRP - UCRP()
[DEBUG] 2018-01-18 14:55:25,392 UCRP - Init component passed
[DEBUG] 2018-01-18 14:55:25,393 UCF - UCF()
[DEBUG] 2018-01-18 14:55:25,444 UCF - getProviders()
[DEBUG] 2018-01-18 14:55:25,446 UCF - populateDropdownList()
[DEBUG] 2018-01-18 14:55:25,447 X3Context - X3Context()
[DEBUG] 2018-01-18 14:55:26,186 Program - Vpret()
[DEBUG] 2018-01-18 14:55:26,187 Program - removeLog()
[DEBUG] 2018-01-18 14:55:26,367 UserManager - UserManager()
[DEBUG] 2018-01-18 14:55:26,368 UserManager - trimUserName()
[DEBUG] 2018-01-18 14:55:26,368 UserManager - getRightAccess()
[DEBUG] 2018-01-18 14:55:26,369 Program - AdaptUserControlView()
[DEBUG] 2018-01-18 14:55:26,371 UserManager - checkRight()
[DEBUG] 2018-01-18 14:55:26,372 VpretContext - VpretContext()
[DEBUG] 2018-01-18 14:55:26,420 Program - before panel added
[DEBUG] 2018-01-18 14:55:26,425 Program - after panel added
[DEBUG] 2018-01-18 14:55:26,425 Program - AdaptUserControlView passed
[DEBUG] 2018-01-18 14:55:27,083 UCRP - UCRP_Load()
[DEBUG] 2018-01-18 14:57:08,608 Program - *********************************************
[DEBUG] 2018-01-18 14:57:08,616 Program - Program starting...
[DEBUG] 2018-01-18 14:57:08,622 UCRP - UCRP()
[DEBUG] 2018-01-18 14:57:08,871 UCRP - Init component passed
[DEBUG] 2018-01-18 14:57:08,872 UCF - UCF()
[DEBUG] 2018-01-18 14:57:08,921 UCF - getProviders()
[DEBUG] 2018-01-18 14:57:08,923 UCF - populateDropdownList()
[DEBUG] 2018-01-18 14:57:08,924 X3Context - X3Context()
[DEBUG] 2018-01-18 14:57:09,660 Program - Vpret()
[DEBUG] 2018-01-18 14:57:09,660 Program - removeLog()
[DEBUG] 2018-01-18 14:57:09,844 UserManager - UserManager()
[DEBUG] 2018-01-18 14:57:09,845 UserManager - trimUserName()
[DEBUG] 2018-01-18 14:57:09,845 UserManager - getRightAccess()
[DEBUG] 2018-01-18 14:57:09,846 Program - AdaptUserControlView()
[DEBUG] 2018-01-18 14:57:09,848 UserManager - checkRight()
[DEBUG] 2018-01-18 14:57:09,848 VpretContext - VpretContext()
[DEBUG] 2018-01-18 14:57:09,895 Program - before panel added
[DEBUG] 2018-01-18 14:57:09,898 Program - after panel added
[DEBUG] 2018-01-18 14:57:09,898 Program - AdaptUserControlView passed
[DEBUG] 2018-01-18 14:57:10,526 UCRP - UCRP_Load()
[DEBUG] 2018-01-18 14:59:46,350 Program - *********************************************
[DEBUG] 2018-01-18 14:59:46,358 Program - Program starting...
[DEBUG] 2018-01-18 14:59:46,366 UCRP - UCRP()
[DEBUG] 2018-01-18 14:59:46,617 UCRP - Init component passed
[DEBUG] 2018-01-18 14:59:46,618 UCF - UCF()
[DEBUG] 2018-01-18 14:59:46,668 UCF - getProviders()
[DEBUG] 2018-01-18 14:59:46,670 UCF - populateDropdownList()
[DEBUG] 2018-01-18 14:59:46,671 X3Context - X3Context()
[DEBUG] 2018-01-18 14:59:47,422 Program - Vpret()
[DEBUG] 2018-01-18 14:59:47,423 Program - removeLog()
[DEBUG] 2018-01-18 14:59:47,608 UserManager - UserManager()
[DEBUG] 2018-01-18 14:59:47,609 UserManager - trimUserName()
[DEBUG] 2018-01-18 14:59:47,609 UserManager - getRightAccess()
[DEBUG] 2018-01-18 14:59:47,609 Program - AdaptUserControlView()
[DEBUG] 2018-01-18 14:59:47,611 UserManager - checkRight()
[DEBUG] 2018-01-18 14:59:47,612 VpretContext - VpretContext()
[DEBUG] 2018-01-18 14:59:47,641 Program - before panel added
[DEBUG] 2018-01-18 14:59:47,644 Program - after panel added
[DEBUG] 2018-01-18 14:59:47,644 Program - AdaptUserControlView passed
[DEBUG] 2018-01-18 14:59:48,393 UCRP - UCRP_Load()
[DEBUG] 2018-01-18 15:01:36,354 Program - *********************************************
[DEBUG] 2018-01-18 15:01:36,364 Program - Program starting...
[DEBUG] 2018-01-18 15:01:36,372 UCRP - UCRP()
[DEBUG] 2018-01-18 15:01:36,613 UCRP - Init component passed
[DEBUG] 2018-01-18 15:01:36,614 UCF - UCF()
[DEBUG] 2018-01-18 15:01:36,662 UCF - getProviders()
[DEBUG] 2018-01-18 15:01:36,665 UCF - populateDropdownList()
[DEBUG] 2018-01-18 15:01:36,666 X3Context - X3Context()
[DEBUG] 2018-01-18 15:01:37,421 Program - Vpret()
[DEBUG] 2018-01-18 15:01:37,421 Program - removeLog()
[DEBUG] 2018-01-18 15:01:37,611 UserManager - UserManager()
[DEBUG] 2018-01-18 15:01:37,612 UserManager - trimUserName()
[DEBUG] 2018-01-18 15:01:37,613 UserManager - getRightAccess()
[DEBUG] 2018-01-18 15:01:37,613 Program - AdaptUserControlView()
[DEBUG] 2018-01-18 15:01:37,615 UserManager - checkRight()
[DEBUG] 2018-01-18 15:01:37,616 VpretContext - VpretContext()
[DEBUG] 2018-01-18 15:01:37,645 Program - before panel added
[DEBUG] 2018-01-18 15:01:37,648 Program - after panel added
[DEBUG] 2018-01-18 15:01:37,648 Program - AdaptUserControlView passed
[DEBUG] 2018-01-18 15:01:38,277 UCRP - UCRP_Load()
[DEBUG] 2018-01-18 15:02:01,478 Program - *********************************************
[DEBUG] 2018-01-18 15:02:01,485 Program - Program starting...
[DEBUG] 2018-01-18 15:02:01,492 UCRP - UCRP()
[DEBUG] 2018-01-18 15:02:01,748 UCRP - Init component passed
[DEBUG] 2018-01-18 15:02:01,749 UCF - UCF()
[DEBUG] 2018-01-18 15:02:01,801 UCF - getProviders()
[DEBUG] 2018-01-18 15:02:01,803 UCF - populateDropdownList()
[DEBUG] 2018-01-18 15:02:01,804 X3Context - X3Context()
[DEBUG] 2018-01-18 15:02:02,578 Program - Vpret()
[DEBUG] 2018-01-18 15:02:02,579 Program - removeLog()
[DEBUG] 2018-01-18 15:02:02,780 UserManager - UserManager()
[DEBUG] 2018-01-18 15:02:02,781 UserManager - trimUserName()
[DEBUG] 2018-01-18 15:02:02,781 UserManager - getRightAccess()
[DEBUG] 2018-01-18 15:02:02,782 Program - AdaptUserControlView()
[DEBUG] 2018-01-18 15:02:02,784 UserManager - checkRight()
[DEBUG] 2018-01-18 15:02:02,785 VpretContext - VpretContext()
[DEBUG] 2018-01-18 15:02:02,831 Program - before panel added
[DEBUG] 2018-01-18 15:02:02,837 Program - after panel added
[DEBUG] 2018-01-18 15:02:02,837 Program - AdaptUserControlView passed
[DEBUG] 2018-01-18 15:02:03,575 UCRP - UCRP_Load()
[DEBUG] 2018-01-18 15:03:10,756 Program - *********************************************
[DEBUG] 2018-01-18 15:03:10,765 Program - Program starting...
[DEBUG] 2018-01-18 15:03:10,777 UCRP - UCRP()
[DEBUG] 2018-01-18 15:03:11,035 UCRP - Init component passed
[DEBUG] 2018-01-18 15:03:11,036 UCF - UCF()
[DEBUG] 2018-01-18 15:03:11,086 UCF - getProviders()
[DEBUG] 2018-01-18 15:03:11,088 UCF - populateDropdownList()
[DEBUG] 2018-01-18 15:03:11,089 X3Context - X3Context()
[DEBUG] 2018-01-18 15:03:11,835 Program - Vpret()
[DEBUG] 2018-01-18 15:03:11,836 Program - removeLog()
[DEBUG] 2018-01-18 15:03:12,010 UserManager - UserManager()
[DEBUG] 2018-01-18 15:03:12,011 UserManager - trimUserName()
[DEBUG] 2018-01-18 15:03:12,011 UserManager - getRightAccess()
[DEBUG] 2018-01-18 15:03:12,012 Program - AdaptUserControlView()
[DEBUG] 2018-01-18 15:03:12,014 UserManager - checkRight()
[DEBUG] 2018-01-18 15:03:12,015 VpretContext - VpretContext()
[DEBUG] 2018-01-18 15:03:12,067 Program - before panel added
[DEBUG] 2018-01-18 15:03:12,071 Program - after panel added
[DEBUG] 2018-01-18 15:03:12,071 Program - AdaptUserControlView passed
[DEBUG] 2018-01-18 15:03:12,689 UCRP - UCRP_Load()
[DEBUG] 2018-01-18 15:04:29,224 Program - *********************************************
[DEBUG] 2018-01-18 15:04:29,232 Program - Program starting...
[DEBUG] 2018-01-18 15:04:29,238 UCRP - UCRP()
[DEBUG] 2018-01-18 15:04:29,487 UCRP - Init component passed
[DEBUG] 2018-01-18 15:04:29,488 UCF - UCF()
[DEBUG] 2018-01-18 15:04:29,539 UCF - getProviders()
[DEBUG] 2018-01-18 15:04:29,541 UCF - populateDropdownList()
[DEBUG] 2018-01-18 15:04:29,542 X3Context - X3Context()
[DEBUG] 2018-01-18 15:04:30,279 Program - Vpret()
[DEBUG] 2018-01-18 15:04:30,279 Program - removeLog()
[DEBUG] 2018-01-18 15:04:30,459 UserManager - UserManager()
[DEBUG] 2018-01-18 15:04:30,460 UserManager - trimUserName()
[DEBUG] 2018-01-18 15:04:30,460 UserManager - getRightAccess()
[DEBUG] 2018-01-18 15:04:30,460 Program - AdaptUserControlView()
[DEBUG] 2018-01-18 15:04:30,462 UserManager - checkRight()
[DEBUG] 2018-01-18 15:04:30,463 VpretContext - VpretContext()
[DEBUG] 2018-01-18 15:04:30,513 Program - before panel added
[DEBUG] 2018-01-18 15:04:30,517 Program - after panel added
[DEBUG] 2018-01-18 15:04:30,517 Program - AdaptUserControlView passed
[DEBUG] 2018-01-18 15:04:31,216 UCRP - UCRP_Load()
[DEBUG] 2018-01-18 15:09:47,117 Program - *********************************************
[DEBUG] 2018-01-18 15:09:47,125 Program - Program starting...
[DEBUG] 2018-01-18 15:09:47,132 UCRP - UCRP()
[DEBUG] 2018-01-18 15:09:47,389 UCRP - Init component passed
[DEBUG] 2018-01-18 15:09:47,390 UCF - UCF()
[DEBUG] 2018-01-18 15:09:47,439 UCF - getProviders()
[DEBUG] 2018-01-18 15:09:47,441 UCF - populateDropdownList()
[DEBUG] 2018-01-18 15:09:47,442 X3Context - X3Context()
[DEBUG] 2018-01-18 15:09:48,181 Program - Vpret()
[DEBUG] 2018-01-18 15:09:48,181 Program - removeLog()
[DEBUG] 2018-01-18 15:09:48,357 UserManager - UserManager()
[DEBUG] 2018-01-18 15:09:48,358 UserManager - trimUserName()
[DEBUG] 2018-01-18 15:09:48,358 UserManager - getRightAccess()
[DEBUG] 2018-01-18 15:09:48,358 Program - AdaptUserControlView()
[DEBUG] 2018-01-18 15:09:48,360 UserManager - checkRight()
[DEBUG] 2018-01-18 15:09:48,361 VpretContext - VpretContext()
[DEBUG] 2018-01-18 15:09:48,407 Program - before panel added
[DEBUG] 2018-01-18 15:09:48,412 Program - after panel added
[DEBUG] 2018-01-18 15:09:48,412 Program - AdaptUserControlView passed
[DEBUG] 2018-01-18 15:09:49,038 UCRP - UCRP_Load()
[DEBUG] 2018-01-18 15:10:20,149 UCRP - radTextBoxPN_KeyDown()
[DEBUG] 2018-01-18 15:10:20,418 UCRP - radTextBoxPN_KeyDown()
[DEBUG] 2018-01-18 15:10:21,571 UCRP - radTextBoxPN_KeyDown()
[DEBUG] 2018-01-18 15:10:56,305 UCRP - radTextBoxPN_KeyDown()
[DEBUG] 2018-01-18 15:10:56,626 UCRP - radTextBoxPN_KeyDown()
[DEBUG] 2018-01-18 15:12:16,708 Program - *********************************************
[DEBUG] 2018-01-18 15:12:16,715 Program - Program starting...
[DEBUG] 2018-01-18 15:12:16,722 UCRP - UCRP()
[DEBUG] 2018-01-18 15:12:16,978 UCRP - Init component passed
[DEBUG] 2018-01-18 15:12:16,980 UCF - UCF()
[DEBUG] 2018-01-18 15:12:17,041 UCF - getProviders()
[DEBUG] 2018-01-18 15:12:17,046 UCF - populateDropdownList()
[DEBUG] 2018-01-18 15:12:17,048 X3Context - X3Context()
[DEBUG] 2018-01-18 15:12:17,924 Program - Vpret()
[DEBUG] 2018-01-18 15:12:17,925 Program - removeLog()
[DEBUG] 2018-01-18 15:12:18,136 UserManager - UserManager()
[DEBUG] 2018-01-18 15:12:18,137 UserManager - trimUserName()
[DEBUG] 2018-01-18 15:12:18,137 UserManager - getRightAccess()
[DEBUG] 2018-01-18 15:12:18,138 Program - AdaptUserControlView()
[DEBUG] 2018-01-18 15:12:18,140 UserManager - checkRight()
[DEBUG] 2018-01-18 15:12:18,140 VpretContext - VpretContext()
[DEBUG] 2018-01-18 15:12:18,169 Program - before panel added
[DEBUG] 2018-01-18 15:12:18,173 Program - after panel added
[DEBUG] 2018-01-18 15:12:18,173 Program - AdaptUserControlView passed
[DEBUG] 2018-01-18 15:12:18,826 UCRP - UCRP_Load()
[DEBUG] 2018-01-18 15:12:48,203 Program - *********************************************
[DEBUG] 2018-01-18 15:12:48,214 Program - Program starting...
[DEBUG] 2018-01-18 15:12:48,222 UCRP - UCRP()
[DEBUG] 2018-01-18 15:12:48,578 UCRP - Init component passed
[DEBUG] 2018-01-18 15:12:48,579 UCF - UCF()
[DEBUG] 2018-01-18 15:12:48,631 UCF - getProviders()
[DEBUG] 2018-01-18 15:12:48,635 UCF - populateDropdownList()
[DEBUG] 2018-01-18 15:12:48,636 X3Context - X3Context()
[DEBUG] 2018-01-18 15:12:49,483 Program - Vpret()
[DEBUG] 2018-01-18 15:12:49,484 Program - removeLog()
[DEBUG] 2018-01-18 15:12:49,693 UserManager - UserManager()
[DEBUG] 2018-01-18 15:12:49,694 UserManager - trimUserName()
[DEBUG] 2018-01-18 15:12:49,694 UserManager - getRightAccess()
[DEBUG] 2018-01-18 15:12:49,695 Program - AdaptUserControlView()
[DEBUG] 2018-01-18 15:12:49,697 UserManager - checkRight()
[DEBUG] 2018-01-18 15:12:49,698 VpretContext - VpretContext()
[DEBUG] 2018-01-18 15:12:49,732 Program - before panel added
[DEBUG] 2018-01-18 15:12:49,736 Program - after panel added
[DEBUG] 2018-01-18 15:12:49,737 Program - AdaptUserControlView passed
[DEBUG] 2018-01-18 15:12:50,435 UCRP - UCRP_Load()
[DEBUG] 2018-01-18 15:38:43,934 Program - *********************************************
[DEBUG] 2018-01-18 15:38:43,943 Program - Program starting...
[DEBUG] 2018-01-18 15:38:43,949 UCRP - UCRP()
[DEBUG] 2018-01-18 15:38:44,239 UCRP - Init component passed
[DEBUG] 2018-01-18 15:38:44,240 UCF - UCF()
[DEBUG] 2018-01-18 15:38:44,304 UCF - getProviders()
[DEBUG] 2018-01-18 15:38:44,307 UCF - populateDropdownList()
[DEBUG] 2018-01-18 15:38:44,308 X3Context - X3Context()
[DEBUG] 2018-01-18 15:38:45,198 Program - Vpret()
[DEBUG] 2018-01-18 15:38:45,199 Program - removeLog()
[DEBUG] 2018-01-18 15:38:45,393 UserManager - UserManager()
[DEBUG] 2018-01-18 15:38:45,394 UserManager - trimUserName()
[DEBUG] 2018-01-18 15:38:45,394 UserManager - getRightAccess()
[DEBUG] 2018-01-18 15:38:45,395 Program - AdaptUserControlView()
[DEBUG] 2018-01-18 15:38:45,397 UserManager - checkRight()
[DEBUG] 2018-01-18 15:38:45,398 VpretContext - VpretContext()
[DEBUG] 2018-01-18 15:38:45,429 Program - before panel added
[DEBUG] 2018-01-18 15:38:45,432 Program - after panel added
[DEBUG] 2018-01-18 15:38:45,432 Program - AdaptUserControlView passed
[DEBUG] 2018-01-18 15:38:46,091 UCRP - UCRP_Load()
[DEBUG] 2018-01-18 15:39:00,304 UCRP - radTextBoxPN_KeyDown()
[DEBUG] 2018-01-18 15:39:00,541 UCRP - radTextBoxPN_KeyDown()
[DEBUG] 2018-01-18 15:39:00,893 UCRP - radTextBoxPN_KeyDown()
[DEBUG] 2018-01-18 15:39:01,549 UCRP - radTextBoxPN_KeyDown()
[DEBUG] 2018-01-18 15:39:01,741 UCRP - radTextBoxPN_KeyDown()
[DEBUG] 2018-01-18 15:39:03,005 UCRP - radTextBoxPN_KeyDown()
[DEBUG] 2018-01-18 15:39:21,860 Program - *********************************************
[DEBUG] 2018-01-18 15:39:21,868 Program - Program starting...
[DEBUG] 2018-01-18 15:39:21,874 UCRP - UCRP()
[DEBUG] 2018-01-18 15:39:22,104 UCRP - Init component passed
[DEBUG] 2018-01-18 15:39:22,105 UCF - UCF()
[DEBUG] 2018-01-18 15:39:22,154 UCF - getProviders()
[DEBUG] 2018-01-18 15:39:22,156 UCF - populateDropdownList()
[DEBUG] 2018-01-18 15:39:22,157 X3Context - X3Context()
[DEBUG] 2018-01-18 15:39:22,896 Program - Vpret()
[DEBUG] 2018-01-18 15:39:22,896 Program - removeLog()
[DEBUG] 2018-01-18 15:39:23,081 UserManager - UserManager()
[DEBUG] 2018-01-18 15:39:23,082 UserManager - trimUserName()
[DEBUG] 2018-01-18 15:39:23,083 UserManager - getRightAccess()
[DEBUG] 2018-01-18 15:39:23,083 Program - AdaptUserControlView()
[DEBUG] 2018-01-18 15:39:23,085 UserManager - checkRight()
[DEBUG] 2018-01-18 15:39:23,086 VpretContext - VpretContext()
[DEBUG] 2018-01-18 15:39:23,116 Program - before panel added
[DEBUG] 2018-01-18 15:39:23,119 Program - after panel added
[DEBUG] 2018-01-18 15:39:23,119 Program - AdaptUserControlView passed
[DEBUG] 2018-01-18 15:39:23,809 UCRP - UCRP_Load()
[DEBUG] 2018-01-18 15:39:26,737 UCRP - radTextBoxSoc_KeyDown()
[DEBUG] 2018-01-18 15:39:26,878 UCRP - radTextBoxSoc_KeyDown()
[DEBUG] 2018-01-18 15:39:27,213 UCRP - radTextBoxSoc_KeyDown()
[DEBUG] 2018-01-18 15:39:27,996 UCRP - radTextBoxSoc_KeyDown()
[DEBUG] 2018-01-18 15:43:37,169 Program - *********************************************
[DEBUG] 2018-01-18 15:43:37,177 Program - Program starting...
[DEBUG] 2018-01-18 15:43:37,183 UCRP - UCRP()
[DEBUG] 2018-01-18 15:43:37,433 UCRP - Init component passed
[DEBUG] 2018-01-18 15:43:37,434 UCF - UCF()
[DEBUG] 2018-01-18 15:43:37,486 UCF - getProviders()
[DEBUG] 2018-01-18 15:43:37,488 UCF - populateDropdownList()
[DEBUG] 2018-01-18 15:43:37,489 X3Context - X3Context()
[DEBUG] 2018-01-18 15:43:38,225 Program - Vpret()
[DEBUG] 2018-01-18 15:43:38,226 Program - removeLog()
[DEBUG] 2018-01-18 15:43:38,433 UserManager - UserManager()
[DEBUG] 2018-01-18 15:43:38,434 UserManager - trimUserName()
[DEBUG] 2018-01-18 15:43:38,434 UserManager - getRightAccess()
[DEBUG] 2018-01-18 15:43:38,435 Program - AdaptUserControlView()
[DEBUG] 2018-01-18 15:43:38,437 UserManager - checkRight()
[DEBUG] 2018-01-18 15:43:38,438 VpretContext - VpretContext()
[DEBUG] 2018-01-18 15:43:38,472 Program - before panel added
[DEBUG] 2018-01-18 15:43:38,475 Program - after panel added
[DEBUG] 2018-01-18 15:43:38,475 Program - AdaptUserControlView passed
[DEBUG] 2018-01-18 15:43:39,120 UCRP - UCRP_Load()
[DEBUG] 2018-01-18 15:44:07,918 Program - *********************************************
[DEBUG] 2018-01-18 15:44:07,930 Program - Program starting...
[DEBUG] 2018-01-18 15:44:07,938 UCRP - UCRP()
[DEBUG] 2018-01-18 15:44:08,182 UCRP - Init component passed
[DEBUG] 2018-01-18 15:44:08,183 UCF - UCF()
[DEBUG] 2018-01-18 15:44:08,233 UCF - getProviders()
[DEBUG] 2018-01-18 15:44:08,235 UCF - populateDropdownList()
[DEBUG] 2018-01-18 15:44:08,236 X3Context - X3Context()
[DEBUG] 2018-01-18 15:44:08,966 Program - Vpret()
[DEBUG] 2018-01-18 15:44:08,966 Program - removeLog()
[DEBUG] 2018-01-18 15:44:09,150 UserManager - UserManager()
[DEBUG] 2018-01-18 15:44:09,151 UserManager - trimUserName()
[DEBUG] 2018-01-18 15:44:09,151 UserManager - getRightAccess()
[DEBUG] 2018-01-18 15:44:09,152 Program - AdaptUserControlView()
[DEBUG] 2018-01-18 15:44:09,154 UserManager - checkRight()
[DEBUG] 2018-01-18 15:44:09,155 VpretContext - VpretContext()
[DEBUG] 2018-01-18 15:44:09,183 Program - before panel added
[DEBUG] 2018-01-18 15:44:09,186 Program - after panel added
[DEBUG] 2018-01-18 15:44:09,186 Program - AdaptUserControlView passed
[DEBUG] 2018-01-18 15:44:09,811 UCRP - UCRP_Load()
[DEBUG] 2018-01-18 15:44:32,858 Program - *********************************************
[DEBUG] 2018-01-18 15:44:32,868 Program - Program starting...
[DEBUG] 2018-01-18 15:44:32,876 UCRP - UCRP()
[DEBUG] 2018-01-18 15:44:33,129 UCRP - Init component passed
[DEBUG] 2018-01-18 15:44:33,130 UCF - UCF()
[DEBUG] 2018-01-18 15:44:33,182 UCF - getProviders()
[DEBUG] 2018-01-18 15:44:33,184 UCF - populateDropdownList()
[DEBUG] 2018-01-18 15:44:33,185 X3Context - X3Context()
[DEBUG] 2018-01-18 15:44:33,929 Program - Vpret()
[DEBUG] 2018-01-18 15:44:33,929 Program - removeLog()
[DEBUG] 2018-01-18 15:44:34,096 UserManager - UserManager()
[DEBUG] 2018-01-18 15:44:34,097 UserManager - trimUserName()
[DEBUG] 2018-01-18 15:44:34,097 UserManager - getRightAccess()
[DEBUG] 2018-01-18 15:44:34,097 Program - AdaptUserControlView()
[DEBUG] 2018-01-18 15:44:34,100 UserManager - checkRight()
[DEBUG] 2018-01-18 15:44:34,101 VpretContext - VpretContext()
[DEBUG] 2018-01-18 15:44:34,151 Program - before panel added
[DEBUG] 2018-01-18 15:44:34,154 Program - after panel added
[DEBUG] 2018-01-18 15:44:34,154 Program - AdaptUserControlView passed
[DEBUG] 2018-01-18 15:44:34,819 UCRP - UCRP_Load()
[DEBUG] 2018-01-18 15:45:20,095 Program - *********************************************
[DEBUG] 2018-01-18 15:45:20,103 Program - Program starting...
[DEBUG] 2018-01-18 15:45:20,109 UCRP - UCRP()
[DEBUG] 2018-01-18 15:45:20,361 UCRP - Init component passed
[DEBUG] 2018-01-18 15:45:20,362 UCF - UCF()
[DEBUG] 2018-01-18 15:45:20,411 UCF - getProviders()
[DEBUG] 2018-01-18 15:45:20,413 UCF - populateDropdownList()
[DEBUG] 2018-01-18 15:45:20,414 X3Context - X3Context()
[DEBUG] 2018-01-18 15:45:21,154 Program - Vpret()
[DEBUG] 2018-01-18 15:45:21,154 Program - removeLog()
[DEBUG] 2018-01-18 15:45:21,349 UserManager - UserManager()
[DEBUG] 2018-01-18 15:45:21,350 UserManager - trimUserName()
[DEBUG] 2018-01-18 15:45:21,350 UserManager - getRightAccess()
[DEBUG] 2018-01-18 15:45:21,350 Program - AdaptUserControlView()
[DEBUG] 2018-01-18 15:45:21,352 UserManager - checkRight()
[DEBUG] 2018-01-18 15:45:21,353 VpretContext - VpretContext()
[DEBUG] 2018-01-18 15:45:21,385 Program - before panel added
[DEBUG] 2018-01-18 15:45:21,389 Program - after panel added
[DEBUG] 2018-01-18 15:45:21,389 Program - AdaptUserControlView passed
[DEBUG] 2018-01-18 15:45:22,039 UCRP - UCRP_Load()
[DEBUG] 2018-01-18 15:46:16,800 Program - *********************************************
[DEBUG] 2018-01-18 15:46:16,807 Program - Program starting...
[DEBUG] 2018-01-18 15:46:16,815 UCRP - UCRP()
[DEBUG] 2018-01-18 15:46:17,071 UCRP - Init component passed
[DEBUG] 2018-01-18 15:46:17,072 UCF - UCF()
[DEBUG] 2018-01-18 15:46:17,121 UCF - getProviders()
[DEBUG] 2018-01-18 15:46:17,123 UCF - populateDropdownList()
[DEBUG] 2018-01-18 15:46:17,124 X3Context - X3Context()
[DEBUG] 2018-01-18 15:46:17,878 Program - Vpret()
[DEBUG] 2018-01-18 15:46:17,878 Program - removeLog()
[DEBUG] 2018-01-18 15:46:18,043 UserManager - UserManager()
[DEBUG] 2018-01-18 15:46:18,044 UserManager - trimUserName()
[DEBUG] 2018-01-18 15:46:18,045 UserManager - getRightAccess()
[DEBUG] 2018-01-18 15:46:18,045 Program - AdaptUserControlView()
[DEBUG] 2018-01-18 15:46:18,047 UserManager - checkRight()
[DEBUG] 2018-01-18 15:46:18,048 VpretContext - VpretContext()
[DEBUG] 2018-01-18 15:46:18,095 Program - before panel added
[DEBUG] 2018-01-18 15:46:18,098 Program - after panel added
[DEBUG] 2018-01-18 15:46:18,098 Program - AdaptUserControlView passed
[DEBUG] 2018-01-18 15:46:18,664 UCRP - UCRP_Load()
[DEBUG] 2018-01-18 15:46:51,391 Program - *********************************************
[DEBUG] 2018-01-18 15:46:51,401 Program - Program starting...
[DEBUG] 2018-01-18 15:46:51,408 UCRP - UCRP()
[DEBUG] 2018-01-18 15:46:51,651 UCRP - Init component passed
[DEBUG] 2018-01-18 15:46:51,652 UCF - UCF()
[DEBUG] 2018-01-18 15:46:51,706 UCF - getProviders()
[DEBUG] 2018-01-18 15:46:51,708 UCF - populateDropdownList()
[DEBUG] 2018-01-18 15:46:51,709 X3Context - X3Context()
[DEBUG] 2018-01-18 15:46:52,451 Program - Vpret()
[DEBUG] 2018-01-18 15:46:52,452 Program - removeLog()
[DEBUG] 2018-01-18 15:46:52,637 UserManager - UserManager()
[DEBUG] 2018-01-18 15:46:52,638 UserManager - trimUserName()
[DEBUG] 2018-01-18 15:46:52,638 UserManager - getRightAccess()
[DEBUG] 2018-01-18 15:46:52,639 Program - AdaptUserControlView()
[DEBUG] 2018-01-18 15:46:52,641 UserManager - checkRight()
[DEBUG] 2018-01-18 15:46:52,642 VpretContext - VpretContext()
[DEBUG] 2018-01-18 15:46:52,672 Program - before panel added
[DEBUG] 2018-01-18 15:46:52,676 Program - after panel added
[DEBUG] 2018-01-18 15:46:52,676 Program - AdaptUserControlView passed
[DEBUG] 2018-01-18 15:46:53,307 UCRP - UCRP_Load()
[DEBUG] 2018-01-18 15:48:39,029 Program - *********************************************
[DEBUG] 2018-01-18 15:48:39,040 Program - Program starting...
[DEBUG] 2018-01-18 15:48:39,048 UCRP - UCRP()
[DEBUG] 2018-01-18 15:48:39,316 UCRP - Init component passed
[DEBUG] 2018-01-18 15:48:39,317 UCF - UCF()
[DEBUG] 2018-01-18 15:48:39,372 UCF - getProviders()
[DEBUG] 2018-01-18 15:48:39,374 UCF - populateDropdownList()
[DEBUG] 2018-01-18 15:48:39,376 X3Context - X3Context()
[DEBUG] 2018-01-18 15:48:40,152 Program - Vpret()
[DEBUG] 2018-01-18 15:48:40,152 Program - removeLog()
[DEBUG] 2018-01-18 15:48:40,347 UserManager - UserManager()
[DEBUG] 2018-01-18 15:48:40,348 UserManager - trimUserName()
[DEBUG] 2018-01-18 15:48:40,349 UserManager - getRightAccess()
[DEBUG] 2018-01-18 15:48:40,349 Program - AdaptUserControlView()
[DEBUG] 2018-01-18 15:48:40,352 UserManager - checkRight()
[DEBUG] 2018-01-18 15:48:40,353 VpretContext - VpretContext()
[DEBUG] 2018-01-18 15:48:40,384 Program - before panel added
[DEBUG] 2018-01-18 15:48:40,387 Program - after panel added
[DEBUG] 2018-01-18 15:48:40,387 Program - AdaptUserControlView passed
[DEBUG] 2018-01-18 15:48:41,075 UCRP - UCRP_Load()
[DEBUG] 2018-01-18 15:49:32,258 Program - *********************************************
[DEBUG] 2018-01-18 15:49:32,266 Program - Program starting...
[DEBUG] 2018-01-18 15:49:32,286 UCRP - UCRP()
[DEBUG] 2018-01-18 15:49:32,556 UCRP - Init component passed
[DEBUG] 2018-01-18 15:49:32,557 UCF - UCF()
[DEBUG] 2018-01-18 15:49:32,611 UCF - getProviders()
[DEBUG] 2018-01-18 15:49:32,613 UCF - populateDropdownList()
[DEBUG] 2018-01-18 15:49:32,614 X3Context - X3Context()
[DEBUG] 2018-01-18 15:49:33,390 Program - Vpret()
[DEBUG] 2018-01-18 15:49:33,390 Program - removeLog()
[DEBUG] 2018-01-18 15:49:33,559 UserManager - UserManager()
[DEBUG] 2018-01-18 15:49:33,560 UserManager - trimUserName()
[DEBUG] 2018-01-18 15:49:33,560 UserManager - getRightAccess()
[DEBUG] 2018-01-18 15:49:33,560 Program - AdaptUserControlView()
[DEBUG] 2018-01-18 15:49:33,562 UserManager - checkRight()
[DEBUG] 2018-01-18 15:49:33,563 VpretContext - VpretContext()
[DEBUG] 2018-01-18 15:49:33,610 Program - before panel added
[DEBUG] 2018-01-18 15:49:33,613 Program - after panel added
[DEBUG] 2018-01-18 15:49:33,613 Program - AdaptUserControlView passed
[DEBUG] 2018-01-18 15:49:34,236 UCRP - UCRP_Load()
[DEBUG] 2018-01-18 15:50:50,229 Program - *********************************************
[DEBUG] 2018-01-18 15:50:50,237 Program - Program starting...
[DEBUG] 2018-01-18 15:50:50,245 UCRP - UCRP()
[DEBUG] 2018-01-18 15:50:50,474 UCRP - Init component passed
[DEBUG] 2018-01-18 15:50:50,474 UCF - UCF()
[DEBUG] 2018-01-18 15:50:50,526 UCF - getProviders()
[DEBUG] 2018-01-18 15:50:50,528 UCF - populateDropdownList()
[DEBUG] 2018-01-18 15:50:50,529 X3Context - X3Context()
[DEBUG] 2018-01-18 15:50:51,259 Program - Vpret()
[DEBUG] 2018-01-18 15:50:51,260 Program - removeLog()
[DEBUG] 2018-01-18 15:50:51,426 UserManager - UserManager()
[DEBUG] 2018-01-18 15:50:51,427 UserManager - trimUserName()
[DEBUG] 2018-01-18 15:50:51,427 UserManager - getRightAccess()
[DEBUG] 2018-01-18 15:50:51,428 Program - AdaptUserControlView()
[DEBUG] 2018-01-18 15:50:51,430 UserManager - checkRight()
[DEBUG] 2018-01-18 15:50:51,431 VpretContext - VpretContext()
[DEBUG] 2018-01-18 15:50:51,482 Program - before panel added
[DEBUG] 2018-01-18 15:50:51,485 Program - after panel added
[DEBUG] 2018-01-18 15:50:51,486 Program - AdaptUserControlView passed
[DEBUG] 2018-01-18 15:50:52,100 UCRP - UCRP_Load()
[DEBUG] 2018-01-18 15:51:37,876 UCRP - radTextBoxSN_KeyDown()
[DEBUG] 2018-01-18 15:51:38,147 UCRP - radTextBoxSN_KeyDown()
[DEBUG] 2018-01-18 15:51:38,690 UCRP - radTextBoxSN_KeyDown()
[DEBUG] 2018-01-18 15:51:43,042 UCRP - radTextBoxSN_KeyDown()
[DEBUG] 2018-01-18 15:51:43,202 UCRP - radTextBoxSN_KeyDown()
[DEBUG] 2018-01-18 15:51:45,779 UCRP - radTextBoxSN_KeyDown()
[DEBUG] 2018-01-18 15:54:09,324 Program - *********************************************
[DEBUG] 2018-01-18 15:54:09,333 Program - Program starting...
[DEBUG] 2018-01-18 15:54:09,342 UCRP - UCRP()
[DEBUG] 2018-01-18 15:54:09,597 UCRP - Init component passed
[DEBUG] 2018-01-18 15:54:09,598 UCF - UCF()
[DEBUG] 2018-01-18 15:54:09,647 UCF - getProviders()
[DEBUG] 2018-01-18 15:54:09,649 UCF - populateDropdownList()
[DEBUG] 2018-01-18 15:54:09,650 X3Context - X3Context()
[DEBUG] 2018-01-18 15:54:10,388 Program - Vpret()
[DEBUG] 2018-01-18 15:54:10,388 Program - removeLog()
[DEBUG] 2018-01-18 15:54:10,555 UserManager - UserManager()
[DEBUG] 2018-01-18 15:54:10,556 UserManager - trimUserName()
[DEBUG] 2018-01-18 15:54:10,556 UserManager - getRightAccess()
[DEBUG] 2018-01-18 15:54:10,557 Program - AdaptUserControlView()
[DEBUG] 2018-01-18 15:54:10,558 UserManager - checkRight()
[DEBUG] 2018-01-18 15:54:10,559 VpretContext - VpretContext()
[DEBUG] 2018-01-18 15:54:10,608 Program - before panel added
[DEBUG] 2018-01-18 15:54:10,612 Program - after panel added
[DEBUG] 2018-01-18 15:54:10,612 Program - AdaptUserControlView passed
[DEBUG] 2018-01-18 15:54:11,250 UCRP - UCRP_Load()
[DEBUG] 2018-01-18 15:54:15,058 UCRP - radTextBoxSN_KeyDown()
[DEBUG] 2018-01-18 15:54:15,185 UCRP - radTextBoxSN_KeyDown()
[DEBUG] 2018-01-18 15:54:17,104 UCRP - radTextBoxSN_KeyDown()
[DEBUG] 2018-01-18 15:54:44,433 Program - *********************************************
[DEBUG] 2018-01-18 15:54:44,443 Program - Program starting...
[DEBUG] 2018-01-18 15:54:44,451 UCRP - UCRP()
[DEBUG] 2018-01-18 15:54:44,708 UCRP - Init component passed
[DEBUG] 2018-01-18 15:54:44,709 UCF - UCF()
[DEBUG] 2018-01-18 15:54:44,760 UCF - getProviders()
[DEBUG] 2018-01-18 15:54:44,762 UCF - populateDropdownList()
[DEBUG] 2018-01-18 15:54:44,763 X3Context - X3Context()
[DEBUG] 2018-01-18 15:54:45,491 Program - Vpret()
[DEBUG] 2018-01-18 15:54:45,492 Program - removeLog()
[DEBUG] 2018-01-18 15:54:45,676 UserManager - UserManager()
[DEBUG] 2018-01-18 15:54:45,677 UserManager - trimUserName()
[DEBUG] 2018-01-18 15:54:45,678 UserManager - getRightAccess()
[DEBUG] 2018-01-18 15:54:45,678 Program - AdaptUserControlView()
[DEBUG] 2018-01-18 15:54:45,680 UserManager - checkRight()
[DEBUG] 2018-01-18 15:54:45,681 VpretContext - VpretContext()
[DEBUG] 2018-01-18 15:54:45,711 Program - before panel added
[DEBUG] 2018-01-18 15:54:45,714 Program - after panel added
[DEBUG] 2018-01-18 15:54:45,714 Program - AdaptUserControlView passed
[DEBUG] 2018-01-18 15:54:46,326 UCRP - UCRP_Load()
[DEBUG] 2018-01-18 15:54:51,554 UCRP - radTextBoxSN_KeyDown()
[DEBUG] 2018-01-18 15:54:51,696 UCRP - radTextBoxSN_KeyDown()
[DEBUG] 2018-01-18 15:54:52,176 UCRP - radTextBoxSN_KeyDown()
[DEBUG] 2018-01-18 15:54:52,831 UCRP - radTextBoxSN_KeyDown()
[DEBUG] 2018-01-18 15:54:53,040 UCRP - radTextBoxSN_KeyDown()
[DEBUG] 2018-01-18 15:54:53,584 UCRP - radTextBoxSN_KeyDown()
[DEBUG] 2018-01-18 15:54:53,680 UCRP - radTextBoxSN_KeyDown()
[DEBUG] 2018-01-18 15:55:00,783 UCRP - radTextBoxSN_KeyDown()
[DEBUG] 2018-01-18 15:55:00,944 UCRP - radTextBoxSN_KeyDown()
[DEBUG] 2018-01-18 15:55:02,608 UCRP - radTextBoxSN_KeyDown()
[DEBUG] 2018-01-18 15:59:37,497 Program - *********************************************
[DEBUG] 2018-01-18 15:59:37,505 Program - Program starting...
[DEBUG] 2018-01-18 15:59:37,513 UCRP - UCRP()
[DEBUG] 2018-01-18 15:59:37,775 UCRP - Init component passed
[DEBUG] 2018-01-18 15:59:37,776 UCF - UCF()
[DEBUG] 2018-01-18 15:59:37,833 UCF - getProviders()
[DEBUG] 2018-01-18 15:59:37,835 UCF - populateDropdownList()
[DEBUG] 2018-01-18 15:59:37,836 X3Context - X3Context()
[DEBUG] 2018-01-18 15:59:38,572 Program - Vpret()
[DEBUG] 2018-01-18 15:59:38,573 Program - removeLog()
[DEBUG] 2018-01-18 15:59:38,737 UserManager - UserManager()
[DEBUG] 2018-01-18 15:59:38,738 UserManager - trimUserName()
[DEBUG] 2018-01-18 15:59:38,738 UserManager - getRightAccess()
[DEBUG] 2018-01-18 15:59:38,739 Program - AdaptUserControlView()
[DEBUG] 2018-01-18 15:59:38,740 UserManager - checkRight()
[DEBUG] 2018-01-18 15:59:38,741 VpretContext - VpretContext()
[DEBUG] 2018-01-18 15:59:38,787 Program - before panel added
[DEBUG] 2018-01-18 15:59:38,790 Program - after panel added
[DEBUG] 2018-01-18 15:59:38,790 Program - AdaptUserControlView passed
[DEBUG] 2018-01-18 15:59:39,445 UCRP - UCRP_Load()
[DEBUG] 2018-01-18 15:59:45,293 UCRP - radTextBoxSN_KeyDown()
[DEBUG] 2018-01-18 15:59:45,468 UCRP - radTextBoxSN_KeyDown()
[DEBUG] 2018-01-18 15:59:47,723 UCRP - radTextBoxSN_KeyDown()
[DEBUG] 2018-01-18 16:27:23,376 Program - *********************************************
[DEBUG] 2018-01-18 16:27:23,386 Program - Program starting...
[DEBUG] 2018-01-18 16:27:23,394 UCRP - UCRP()
[DEBUG] 2018-01-18 16:27:24,994 UCRP - Init component passed
[DEBUG] 2018-01-18 16:27:24,995 UCF - UCF()
[DEBUG] 2018-01-18 16:27:25,047 UCF - getProviders()
[DEBUG] 2018-01-18 16:27:25,050 UCF - populateDropdownList()
[DEBUG] 2018-01-18 16:27:25,051 X3Context - X3Context()
[DEBUG] 2018-01-18 16:27:25,811 Program - Vpret()
[DEBUG] 2018-01-18 16:27:25,812 Program - removeLog()
[INFO] 2018-01-18 16:27:25,812 Program - Suppression des fichiers de log de plus de 7 jours
[INFO] 2018-01-18 16:27:25,817 Program - Fin de la suppression des logs
[DEBUG] 2018-01-18 16:27:26,008 UserManager - UserManager()
[DEBUG] 2018-01-18 16:27:26,009 UserManager - trimUserName()
[DEBUG] 2018-01-18 16:27:26,009 UserManager - getRightAccess()
[DEBUG] 2018-01-18 16:27:26,009 Program - AdaptUserControlView()
[DEBUG] 2018-01-18 16:27:26,011 UserManager - checkRight()
[DEBUG] 2018-01-18 16:27:26,012 VpretContext - VpretContext()
[DEBUG] 2018-01-18 16:27:26,043 Program - before panel added
[DEBUG] 2018-01-18 16:27:26,046 Program - after panel added
[DEBUG] 2018-01-18 16:27:26,046 Program - AdaptUserControlView passed
[DEBUG] 2018-01-18 16:27:26,690 UCRP - UCRP_Load()
[DEBUG] 2018-01-18 16:28:00,437 Program - *********************************************
[DEBUG] 2018-01-18 16:28:00,445 Program - Program starting...
[DEBUG] 2018-01-18 16:28:00,453 UCRP - UCRP()
[DEBUG] 2018-01-18 16:28:00,747 UCRP - Init component passed
[DEBUG] 2018-01-18 16:28:00,749 UCF - UCF()
[DEBUG] 2018-01-18 16:28:00,811 UCF - getProviders()
[DEBUG] 2018-01-18 16:28:00,814 UCF - populateDropdownList()
[DEBUG] 2018-01-18 16:28:00,814 X3Context - X3Context()
[DEBUG] 2018-01-18 16:28:01,560 Program - Vpret()
[DEBUG] 2018-01-18 16:28:01,561 Program - removeLog()
[INFO] 2018-01-18 16:28:01,561 Program - Suppression des fichiers de log de plus de 7 jours
[INFO] 2018-01-18 16:28:01,565 Program - Fin de la suppression des logs
[DEBUG] 2018-01-18 16:28:01,730 UserManager - UserManager()
[DEBUG] 2018-01-18 16:28:01,731 UserManager - trimUserName()
[DEBUG] 2018-01-18 16:28:01,731 UserManager - getRightAccess()
[DEBUG] 2018-01-18 16:28:01,732 Program - AdaptUserControlView()
[DEBUG] 2018-01-18 16:28:01,733 UserManager - checkRight()
[DEBUG] 2018-01-18 16:28:01,734 VpretContext - VpretContext()
[DEBUG] 2018-01-18 16:28:01,784 Program - before panel added
[DEBUG] 2018-01-18 16:28:01,787 Program - after panel added
[DEBUG] 2018-01-18 16:28:01,787 Program - AdaptUserControlView passed
[DEBUG] 2018-01-18 16:28:02,399 UCRP - UCRP_Load()
[DEBUG] 2018-01-18 16:28:05,048 UCRP - radTextBoxSoc_KeyDown()
[DEBUG] 2018-01-18 16:28:05,287 UCRP - radTextBoxSoc_KeyDown()
[DEBUG] 2018-01-18 16:28:05,333 UCRP - radTextBoxSoc_KeyDown()
[DEBUG] 2018-01-18 16:28:05,621 UCRP - radTextBoxSoc_KeyDown()
[DEBUG] 2018-01-18 16:28:05,846 UCRP - radTextBoxSoc_KeyDown()
[DEBUG] 2018-01-18 16:28:06,038 UCRP - radTextBoxSoc_KeyDown()
[DEBUG] 2018-01-18 16:31:26,777 Program - *********************************************
[DEBUG] 2018-01-18 16:31:26,785 Program - Program starting...
[DEBUG] 2018-01-18 16:31:26,791 UCRP - UCRP()
[DEBUG] 2018-01-18 16:31:27,041 UCRP - Init component passed
[DEBUG] 2018-01-18 16:31:27,042 UCF - UCF()
[DEBUG] 2018-01-18 16:31:27,099 UCF - getProviders()
[DEBUG] 2018-01-18 16:31:27,101 UCF - populateDropdownList()
[DEBUG] 2018-01-18 16:31:27,102 X3Context - X3Context()
[DEBUG] 2018-01-18 16:31:27,851 Program - Vpret()
[DEBUG] 2018-01-18 16:31:27,852 Program - removeLog()
[INFO] 2018-01-18 16:31:27,852 Program - Suppression des fichiers de log de plus de 7 jours
[INFO] 2018-01-18 16:31:27,856 Program - Fin de la suppression des logs
[DEBUG] 2018-01-18 16:31:28,018 UserManager - UserManager()
[DEBUG] 2018-01-18 16:31:28,019 UserManager - trimUserName()
[DEBUG] 2018-01-18 16:31:28,020 UserManager - getRightAccess()
[DEBUG] 2018-01-18 16:31:28,020 Program - AdaptUserControlView()
[DEBUG] 2018-01-18 16:31:28,022 UserManager - checkRight()
[DEBUG] 2018-01-18 16:31:28,023 VpretContext - VpretContext()
[DEBUG] 2018-01-18 16:31:28,077 Program - before panel added
[DEBUG] 2018-01-18 16:31:28,080 Program - after panel added
[DEBUG] 2018-01-18 16:31:28,080 Program - AdaptUserControlView passed
[DEBUG] 2018-01-18 16:31:28,694 UCRP - UCRP_Load()
