[DEBUG] 2018-01-11 17:45:14,192 ReportLoan - testView()
[DEBUG] 2018-01-11 17:45:14,432 ReportLoan - getStaticMember()
[DEBUG] 2018-01-11 17:45:15,764 ReportLoan - sendReportByMail()
[DEBUG] 2018-01-11 17:57:44,328 Program - *********************************************
[DEBUG] 2018-01-11 17:57:44,338 Program - Program starting...
[DEBUG] 2018-01-11 17:57:44,345 UCRP - UCRP()
[DEBUG] 2018-01-11 17:57:44,579 UCF - UCF()
[DEBUG] 2018-01-11 17:57:44,634 UCF - getProviders()
[DEBUG] 2018-01-11 17:57:44,636 UCF - populateDropdownList()
[DEBUG] 2018-01-11 17:57:44,637 X3Context - X3Context()
[DEBUG] 2018-01-11 17:57:45,363 Program - Vpret()
[DEBUG] 2018-01-11 17:57:45,363 Program - removeLog()
[DEBUG] 2018-01-11 17:57:45,551 UserManager - UserManager()
[DEBUG] 2018-01-11 17:57:45,552 UserManager - trimUserName()
[DEBUG] 2018-01-11 17:57:45,552 UserManager - getRightAccess()
[DEBUG] 2018-01-11 17:57:45,553 Program - AdaptUserControlView()
[DEBUG] 2018-01-11 17:57:45,554 UserManager - checkRight()
[DEBUG] 2018-01-11 17:57:45,555 VpretContext - VpretContext()
[DEBUG] 2018-01-11 17:57:45,586 UserManager - checkRight()
[DEBUG] 2018-01-11 18:02:20,982 Program - *********************************************
[DEBUG] 2018-01-11 18:02:20,989 Program - Program starting...
[DEBUG] 2018-01-11 18:02:21,000 UCRP - UCRP()
[DEBUG] 2018-01-11 18:02:21,259 UCF - UCF()
[DEBUG] 2018-01-11 18:02:21,312 UCF - getProviders()
[DEBUG] 2018-01-11 18:02:21,319 UCF - populateDropdownList()
[DEBUG] 2018-01-11 18:02:21,320 X3Context - X3Context()
[DEBUG] 2018-01-11 18:02:21,438 UCF - PASSEDDDDDDDDDDDDDDDDD
[DEBUG] 2018-01-11 18:02:21,963 Program - Vpret()
[DEBUG] 2018-01-11 18:02:21,964 Program - removeLog()
[DEBUG] 2018-01-11 18:02:22,193 UserManager - UserManager()
[DEBUG] 2018-01-11 18:02:22,194 UserManager - trimUserName()
[DEBUG] 2018-01-11 18:02:22,194 UserManager - getRightAccess()
[DEBUG] 2018-01-11 18:02:22,194 Program - AdaptUserControlView()
[DEBUG] 2018-01-11 18:02:22,196 UserManager - checkRight()
[DEBUG] 2018-01-11 18:02:22,197 VpretContext - VpretContext()
[DEBUG] 2018-01-11 18:02:22,230 UserManager - checkRight()
[DEBUG] 2018-01-11 18:21:42,486 Program - *********************************************
[DEBUG] 2018-01-11 18:21:42,496 Program - Program starting...
[DEBUG] 2018-01-11 18:21:42,504 UCRP - UCRP()
[DEBUG] 2018-01-11 18:21:42,802 UCF - UCF()
[DEBUG] 2018-01-11 18:21:42,863 UCF - getProviders()
[DEBUG] 2018-01-11 18:21:42,865 UCF - populateDropdownList()
[DEBUG] 2018-01-11 18:21:42,866 X3Context - X3Context()
[DEBUG] 2018-01-11 18:21:43,617 Program - Vpret()
[DEBUG] 2018-01-11 18:21:43,618 Program - removeLog()
[DEBUG] 2018-01-11 18:21:43,809 UserManager - UserManager()
[DEBUG] 2018-01-11 18:21:43,810 UserManager - trimUserName()
[DEBUG] 2018-01-11 18:21:43,811 UserManager - getRightAccess()
[DEBUG] 2018-01-11 18:21:43,811 Program - AdaptUserControlView()
[DEBUG] 2018-01-11 18:21:43,813 UserManager - checkRight()
[DEBUG] 2018-01-11 18:21:43,814 VpretContext - VpretContext()
[DEBUG] 2018-01-11 18:21:43,845 UserManager - checkRight()
[DEBUG] 2018-01-11 18:21:44,519 UCRP - UCRP_Load()
[DEBUG] 2018-01-11 18:21:50,656 UCRP - radTextBoxSoc_KeyDown()
[DEBUG] 2018-01-11 18:21:50,811 UCRP - radTextBoxSoc_KeyDown()
[DEBUG] 2018-01-11 18:21:51,803 UCRP - radTextBoxSoc_KeyDown()
[DEBUG] 2018-01-11 18:21:52,027 UCRP - radTextBoxSoc_KeyDown()
[DEBUG] 2018-01-11 18:21:53,195 UCRP - radTextBoxSoc_KeyDown()
[DEBUG] 2018-01-11 18:22:09,554 Program - *********************************************
[DEBUG] 2018-01-11 18:22:09,565 Program - Program starting...
[DEBUG] 2018-01-11 18:22:09,574 UCRP - UCRP()
[DEBUG] 2018-01-11 18:22:09,957 UCF - UCF()
[DEBUG] 2018-01-11 18:22:10,018 UCF - getProviders()
[DEBUG] 2018-01-11 18:22:10,020 UCF - populateDropdownList()
[DEBUG] 2018-01-11 18:22:10,021 X3Context - X3Context()
[DEBUG] 2018-01-11 18:22:10,935 Program - Vpret()
[DEBUG] 2018-01-11 18:22:10,935 Program - removeLog()
[DEBUG] 2018-01-11 18:22:11,199 UserManager - UserManager()
[DEBUG] 2018-01-11 18:22:11,201 UserManager - trimUserName()
[DEBUG] 2018-01-11 18:22:11,201 UserManager - getRightAccess()
[DEBUG] 2018-01-11 18:22:11,202 Program - AdaptUserControlView()
[DEBUG] 2018-01-11 18:22:11,207 UserManager - checkRight()
[DEBUG] 2018-01-11 18:22:11,208 VpretContext - VpretContext()
[DEBUG] 2018-01-11 18:22:11,243 UserManager - checkRight()
[DEBUG] 2018-01-11 18:22:12,004 UCRP - UCRP_Load()
