[ERROR] 2018-03-08 11:44:07,360 UCTechControle - FillDataPretAcontroler() - Exception: System.ArgumentOutOfRangeException: L'index était hors limites. Il ne doit pas être négatif et doit être inférieur à la taille de la collection.
Nom du paramètre : index
   à System.ThrowHelper.ThrowArgumentOutOfRangeException(ExceptionArgument argument, ExceptionResource resource)
   à System.Collections.Generic.List`1.get_Item(Int32 index)
   à System.Collections.ObjectModel.Collection`1.get_Item(Int32 index)
   à Pret.UCTechControl.FillDataLoanToControl(String query, Dictionary`2 param) dans d:\Projets\VpretApp\trunk\Pret\Pret\UCTechControle.cs:ligne 152
[ERROR] 2018-03-08 11:58:10,799 UCTechControle - FillDataPretAcontroler() - Exception: System.InvalidOperationException: Un DataReader associé à cette Command est déjà ouvert. Il doit d'abord être fermé.
   à System.Data.SqlClient.SqlInternalConnectionTds.ValidateConnectionForExecute(SqlCommand command)
   à System.Data.SqlClient.SqlConnection.ValidateConnectionForExecute(String method, SqlCommand command)
   à System.Data.SqlClient.SqlCommand.ValidateCommand(String method, Boolean async)
   à System.Data.SqlClient.SqlCommand.RunExecuteReader(CommandBehavior cmdBehavior, RunBehavior runBehavior, Boolean returnStream, String method, TaskCompletionSource`1 completion, Int32 timeout, Task& task, Boolean& usedCache, Boolean asyncWrite, Boolean inRetry)
   à System.Data.SqlClient.SqlCommand.RunExecuteReader(CommandBehavior cmdBehavior, RunBehavior runBehavior, Boolean returnStream, String method)
   à System.Data.SqlClient.SqlCommand.ExecuteReader(CommandBehavior behavior, String method)
   à System.Data.SqlClient.SqlCommand.ExecuteDbDataReader(CommandBehavior behavior)
   à System.Data.Common.DbCommand.System.Data.IDbCommand.ExecuteReader(CommandBehavior behavior)
   à System.Data.Common.DbDataAdapter.FillInternal(DataSet dataset, DataTable[] datatables, Int32 startRecord, Int32 maxRecords, String srcTable, IDbCommand command, CommandBehavior behavior)
   à System.Data.Common.DbDataAdapter.Fill(DataTable[] dataTables, Int32 startRecord, Int32 maxRecords, IDbCommand command, CommandBehavior behavior)
   à System.Data.Common.DbDataAdapter.Fill(DataTable dataTable)
   à Pret.UCTechControl.FillDataLoanToControl(String query, Dictionary`2 param) dans d:\Projets\VpretApp\trunk\Pret\Pret\UCTechControle.cs:ligne 77
[ERROR] 2018-03-08 12:03:21,889 UCTechControle - FillDataPretAcontroler() - Exception: System.NullReferenceException: La référence d'objet n'est pas définie à une instance d'un objet.
   à Pret.UCTechControl.FillDataLoanToControl(String query, Dictionary`2 param) dans d:\Projets\VpretApp\trunk\Pret\Pret\UCTechControle.cs:ligne 103
[ERROR] 2018-03-08 12:03:57,861 UCTechControle - FillDataPretAcontroler() - Exception: System.NullReferenceException: La référence d'objet n'est pas définie à une instance d'un objet.
   à Pret.UCTechControl.FillDataLoanToControl(String query, Dictionary`2 param) dans d:\Projets\VpretApp\trunk\Pret\Pret\UCTechControle.cs:ligne 103
[ERROR] 2018-03-08 12:05:37,746 UCTechControle - FillDataPretAcontroler() - Exception: System.NullReferenceException: La référence d'objet n'est pas définie à une instance d'un objet.
   à Pret.UCTechControl.FillDataLoanToControl(String query, Dictionary`2 param) dans d:\Projets\VpretApp\trunk\Pret\Pret\UCTechControle.cs:ligne 103
[ERROR] 2018-03-08 12:21:47,441 UCTechControle - FillDataPretAcontroler() - Exception: System.Data.SqlClient.SqlException (0x80131904): Syntaxe incorrecte vers le mot clé 'FROM'.
   à System.Data.SqlClient.SqlConnection.OnError(SqlException exception, Boolean breakConnection, Action`1 wrapCloseInAction)
   à System.Data.SqlClient.SqlInternalConnection.OnError(SqlException exception, Boolean breakConnection, Action`1 wrapCloseInAction)
   à System.Data.SqlClient.TdsParser.ThrowExceptionAndWarning(TdsParserStateObject stateObj, Boolean callerHasConnectionLock, Boolean asyncClose)
   à System.Data.SqlClient.TdsParser.TryRun(RunBehavior runBehavior, SqlCommand cmdHandler, SqlDataReader dataStream, BulkCopySimpleResultSet bulkCopyHandler, TdsParserStateObject stateObj, Boolean& dataReady)
   à System.Data.SqlClient.SqlCommand.RunExecuteNonQueryTds(String methodName, Boolean async, Int32 timeout, Boolean asyncWrite)
   à System.Data.SqlClient.SqlCommand.InternalExecuteNonQuery(TaskCompletionSource`1 completion, String methodName, Boolean sendToPipe, Int32 timeout, Boolean& usedCache, Boolean asyncWrite, Boolean inRetry)
   à System.Data.SqlClient.SqlCommand.ExecuteNonQuery()
   à Pret.UCTechControl.FillDataLoanToControl(String query, Dictionary`2 param) dans d:\Projets\VpretApp\trunk\Pret\Pret\UCTechControle.cs:ligne 72
ClientConnectionId :7e5be394-8e39-457c-b6e7-63d22b771d86
Error Number :156,State :1,Class :15
[ERROR] 2018-03-08 12:29:57,471 UCRP - FillDataRadGridRecepProduit() - Exception: System.InvalidOperationException: A column with the same Name already exists in the collection
   à Telerik.WinControls.UI.GridViewColumnCollection.InsertItem(Int32 index, GridViewDataColumn item)
   à System.Collections.ObjectModel.Collection`1.Add(T item)
   à Pret.UCRP.FillDataCustomerReturn(String query, Dictionary`2 param) dans d:\Projets\VpretApp\trunk\Pret\Pret\UCRP.cs:ligne 172
[ERROR] 2018-03-08 13:49:48,916 UCRP - FillDataRadGridRecepProduit() - Exception: System.InvalidOperationException: A column with the same Name already exists in the collection
   à Telerik.WinControls.UI.GridViewColumnCollection.InsertItem(Int32 index, GridViewDataColumn item)
   à System.Collections.ObjectModel.Collection`1.Add(T item)
   à Pret.UCRP.FillDataReceptionProduct(String query, Dictionary`2 param) dans d:\Projets\VpretApp\trunk\Pret\Pret\UCRP.cs:ligne 65
[ERROR] 2018-03-08 13:55:51,468 UCRP - Exception SQl radGridViewRecepProduit_ValueChanged() : System.ArgumentException: La colonne 'LOA_ID' n'appartient pas à la table Table.
   à System.Data.DataRow.GetDataColumn(String columnName)
   à System.Data.DataRow.get_Item(String columnName)
   à Pret.UCTechControl.radGridView1_CellValueChanged(Object sender, GridViewCellEventArgs e) dans d:\Projets\VpretApp\trunk\Pret\Pret\UCTechControle.cs:ligne 198
[ERROR] 2018-03-08 14:03:28,616 UCRP - Exception SQl radGridViewRecepProduit_ValueChanged() : System.ArgumentException: La colonne 'LOA_ID' n'appartient pas à la table Table.
   à System.Data.DataRow.GetDataColumn(String columnName)
   à System.Data.DataRow.get_Item(String columnName)
   à Pret.UCTechControl.radGridView1_CellValueChanged(Object sender, GridViewCellEventArgs e) dans d:\Projets\VpretApp\trunk\Pret\Pret\UCTechControle.cs:ligne 176
[ERROR] 2018-03-08 14:15:20,545 UCTechControle - FillDataPretAcontroler() - Exception: System.NullReferenceException: La référence d'objet n'est pas définie à une instance d'un objet.
   à System.Data.Linq.SqlClient.QueryConverter.VisitInvocation(InvocationExpression invoke)
   à System.Data.Linq.SqlClient.QueryConverter.VisitInner(Expression node)
   à System.Data.Linq.SqlClient.QueryConverter.VisitExpression(Expression exp)
   à System.Data.Linq.SqlClient.QueryConverter.VisitMethodCall(MethodCallExpression mc)
   à System.Data.Linq.SqlClient.QueryConverter.VisitInner(Expression node)
   à System.Data.Linq.SqlClient.QueryConverter.VisitExpression(Expression exp)
   à System.Data.Linq.SqlClient.QueryConverter.VisitWhere(Expression sequence, LambdaExpression predicate)
   à System.Data.Linq.SqlClient.QueryConverter.VisitSequenceOperatorCall(MethodCallExpression mc)
   à System.Data.Linq.SqlClient.QueryConverter.VisitMethodCall(MethodCallExpression mc)
   à System.Data.Linq.SqlClient.QueryConverter.VisitInner(Expression node)
   à System.Data.Linq.SqlClient.QueryConverter.VisitAggregate(Expression sequence, LambdaExpression lambda, SqlNodeType aggType, Type returnType)
   à System.Data.Linq.SqlClient.QueryConverter.VisitSequenceOperatorCall(MethodCallExpression mc)
   à System.Data.Linq.SqlClient.QueryConverter.VisitMethodCall(MethodCallExpression mc)
   à System.Data.Linq.SqlClient.QueryConverter.VisitInner(Expression node)
   à System.Data.Linq.SqlClient.QueryConverter.ConvertOuter(Expression node)
   à System.Data.Linq.SqlClient.SqlProvider.BuildQuery(Expression query, SqlNodeAnnotations annotations)
   à System.Data.Linq.SqlClient.SqlProvider.System.Data.Linq.Provider.IProvider.Execute(Expression query)
   à System.Data.Linq.DataQuery`1.System.Linq.IQueryProvider.Execute[S](Expression expression)
   à System.Linq.Queryable.Count[TSource](IQueryable`1 source)
   à Pret.UCTechControl.FillDataLoanToControl(String query, Dictionary`2 param) dans d:\Projets\VpretApp\trunk\Pret\Pret\UCTechControle.cs:ligne 151
[ERROR] 2018-03-08 14:20:20,521 UCRP - FillDataRadGridRecepProduit() - Exception: System.InvalidOperationException: A column with the same Name already exists in the collection
   à Telerik.WinControls.UI.GridViewColumnCollection.InsertItem(Int32 index, GridViewDataColumn item)
   à System.Collections.ObjectModel.Collection`1.Add(T item)
   à Pret.UCRP.FillDataReceptionProduct(String query, Dictionary`2 param) dans d:\Projets\VpretApp\trunk\Pret\Pret\UCRP.cs:ligne 65
[ERROR] 2018-03-08 14:22:27,230 UCRP - Exception SQl radGridViewRecepProduit_ValueChanged() : System.ArgumentException: La colonne 'LOA_ID' n'appartient pas à la table Table.
   à System.Data.DataRow.GetDataColumn(String columnName)
   à System.Data.DataRow.get_Item(String columnName)
   à Pret.UCTechControl.radGridView1_CellValueChanged(Object sender, GridViewCellEventArgs e) dans d:\Projets\VpretApp\trunk\Pret\Pret\UCTechControle.cs:ligne 194
[ERROR] 2018-03-08 15:03:59,639 UCRP - FillDataRadGridRecepProduit() - Exception: System.InvalidOperationException: A column with the same Name already exists in the collection
   à Telerik.WinControls.UI.GridViewColumnCollection.InsertItem(Int32 index, GridViewDataColumn item)
   à System.Collections.ObjectModel.Collection`1.Add(T item)
   à Pret.UCRP.FillDataReceptionProduct(String query, Dictionary`2 param) dans d:\Projets\VpretApp\trunk\Pret\Pret\UCRP.cs:ligne 65
[ERROR] 2018-03-08 16:13:37,128 UCTechControle - FillDataLoanToControl - Exception: System.NullReferenceException: La référence d'objet n'est pas définie à une instance d'un objet.
   à Pret.UCTechControl.IterateProduct(GridViewRowInfo rowInfo, Int32 idLoan) dans d:\Projets\VpretApp\trunk\Pret\Pret\UCTechControle.cs:ligne 70
   à Pret.UCTechControl.FillDataLoanToControl(String query, Dictionary`2 param) dans d:\Projets\VpretApp\trunk\Pret\Pret\UCTechControle.cs:ligne 181
[ERROR] 2018-03-08 16:14:20,862 UCTechControle - FillDataLoanToControl - Exception: System.NullReferenceException: La référence d'objet n'est pas définie à une instance d'un objet.
   à Pret.UCTechControl.IterateProduct(GridViewRowInfo rowInfo, Int32 idLoan) dans d:\Projets\VpretApp\trunk\Pret\Pret\UCTechControle.cs:ligne 70
   à Pret.UCTechControl.FillDataLoanToControl(String query, Dictionary`2 param) dans d:\Projets\VpretApp\trunk\Pret\Pret\UCTechControle.cs:ligne 182
[ERROR] 2018-03-08 16:15:23,940 UCTechControle - FillDataLoanToControl - Exception: System.NullReferenceException: La référence d'objet n'est pas définie à une instance d'un objet.
   à Pret.UCTechControl.IterateProduct(GridViewRowInfo rowInfo, Int32 idLoan) dans d:\Projets\VpretApp\trunk\Pret\Pret\UCTechControle.cs:ligne 70
   à Pret.UCTechControl.FillDataLoanToControl(String query, Dictionary`2 param) dans d:\Projets\VpretApp\trunk\Pret\Pret\UCTechControle.cs:ligne 182
[ERROR] 2018-03-08 16:16:24,418 UCTechControle - FillDataLoanToControl - Exception: System.NullReferenceException: La référence d'objet n'est pas définie à une instance d'un objet.
   à Pret.UCTechControl.IterateProduct(GridViewRowInfo rowInfo, Int32 idLoan) dans d:\Projets\VpretApp\trunk\Pret\Pret\UCTechControle.cs:ligne 70
   à Pret.UCTechControl.FillDataLoanToControl(String query, Dictionary`2 param) dans d:\Projets\VpretApp\trunk\Pret\Pret\UCTechControle.cs:ligne 182
[ERROR] 2018-03-08 16:18:07,691 UCTechControle - FillDataLoanToControl - Exception: System.NullReferenceException: La référence d'objet n'est pas définie à une instance d'un objet.
   à Pret.UCTechControl.IterateProduct(GridViewRowInfo rowInfo, Int32 idLoan) dans d:\Projets\VpretApp\trunk\Pret\Pret\UCTechControle.cs:ligne 71
   à Pret.UCTechControl.FillDataLoanToControl(String query, Dictionary`2 param) dans d:\Projets\VpretApp\trunk\Pret\Pret\UCTechControle.cs:ligne 183
[ERROR] 2018-03-08 16:18:52,272 UCTechControle - FillDataLoanToControl - Exception: System.NullReferenceException: La référence d'objet n'est pas définie à une instance d'un objet.
   à Pret.UCTechControl.IterateProduct(GridViewRowInfo rowInfo, Int32 idLoan) dans d:\Projets\VpretApp\trunk\Pret\Pret\UCTechControle.cs:ligne 74
   à Pret.UCTechControl.FillDataLoanToControl(String query, Dictionary`2 param) dans d:\Projets\VpretApp\trunk\Pret\Pret\UCTechControle.cs:ligne 186
[ERROR] 2018-03-08 16:19:52,535 UCTechControle - FillDataLoanToControl - Exception: System.NullReferenceException: La référence d'objet n'est pas définie à une instance d'un objet.
   à Pret.UCTechControl.IterateProduct(GridViewRowInfo rowInfo, Int32 idLoan) dans d:\Projets\VpretApp\trunk\Pret\Pret\UCTechControle.cs:ligne 71
   à Pret.UCTechControl.FillDataLoanToControl(String query, Dictionary`2 param) dans d:\Projets\VpretApp\trunk\Pret\Pret\UCTechControle.cs:ligne 185
[ERROR] 2018-03-08 16:34:56,078 UCTechControle - FillDataLoanToControl - Exception: System.InvalidOperationException: Impossible d'appliquer un format au noeud 'Value' pour une exécution SQL.
   à System.Data.Linq.SqlClient.SqlFormatter.Visitor.VisitValue(SqlValue value)
   à System.Data.Linq.SqlClient.SqlVisitor.Visit(SqlNode node)
   à System.Data.Linq.SqlClient.SqlFormatter.Visitor.VisitWithParens(SqlNode node, SqlNode outer)
   à System.Data.Linq.SqlClient.SqlFormatter.Visitor.VisitBinaryOperator(SqlBinary bo)
   à System.Data.Linq.SqlClient.SqlVisitor.Visit(SqlNode node)
   à System.Data.Linq.SqlClient.SqlFormatter.Visitor.VisitSelect(SqlSelect ss)
   à System.Data.Linq.SqlClient.SqlVisitor.Visit(SqlNode node)
   à System.Data.Linq.SqlClient.SqlFormatter.Visitor.Format(SqlNode node, Boolean isDebug)
   à System.Data.Linq.SqlClient.SqlFormatter.Format(SqlNode node)
   à System.Data.Linq.SqlClient.SqlProvider.BuildQuery(ResultShape resultShape, Type resultType, SqlNode node, ReadOnlyCollection`1 parentParameters, SqlNodeAnnotations annotations)
   à System.Data.Linq.SqlClient.SqlProvider.BuildQuery(Expression query, SqlNodeAnnotations annotations)
   à System.Data.Linq.SqlClient.SqlProvider.System.Data.Linq.Provider.IProvider.Execute(Expression query)
   à System.Data.Linq.DataQuery`1.System.Collections.Generic.IEnumerable<T>.GetEnumerator()
   à Pret.UCTechControl.IterateChildRowsAndAddProduct(GridViewHierarchyRowInfo rowInfo) dans d:\Projets\VpretApp\trunk\Pret\Pret\UCTechControle.cs:ligne 66
   à Pret.UCTechControl.FillDataLoanToControl(String query, Dictionary`2 param) dans d:\Projets\VpretApp\trunk\Pret\Pret\UCTechControle.cs:ligne 202
[ERROR] 2018-03-08 16:36:19,218 UCTechControle - FillDataLoanToControl - Exception: System.FormatException: Le format de la chaîne d'entrée est incorrect.
   à System.Number.StringToNumber(String str, NumberStyles options, NumberBuffer& number, NumberFormatInfo info, Boolean parseDecimal)
   à System.Number.ParseInt32(String s, NumberStyles style, NumberFormatInfo info)
   à System.String.System.IConvertible.ToInt32(IFormatProvider provider)
   à System.Convert.ChangeType(Object value, Type conversionType, IFormatProvider provider)
   à System.Data.Linq.DBConvert.ChangeType(Object value, Type type)
   à System.Data.Linq.SqlClient.SqlRetyper.Visitor.CoerceValueForExpression(SqlValue value, SqlExpression expression)
   à System.Data.Linq.SqlClient.SqlRetyper.Visitor.CoerceTypes(SqlExpression& arg1, SqlExpression& arg2)
   à System.Data.Linq.SqlClient.SqlRetyper.Visitor.CoerceBinaryArgs(SqlExpression& arg1, SqlExpression& arg2)
   à System.Data.Linq.SqlClient.SqlRetyper.Visitor.VisitBinaryOperator(SqlBinary bo)
   à System.Data.Linq.SqlClient.SqlVisitor.Visit(SqlNode node)
   à System.Data.Linq.SqlClient.SqlVisitor.VisitExpression(SqlExpression exp)
   à System.Data.Linq.SqlClient.SqlVisitor.VisitSelectCore(SqlSelect select)
   à System.Data.Linq.SqlClient.SqlVisitor.VisitSelect(SqlSelect select)
   à System.Data.Linq.SqlClient.SqlVisitor.Visit(SqlNode node)
   à System.Data.Linq.SqlClient.SqlProvider.BuildQuery(ResultShape resultShape, Type resultType, SqlNode node, ReadOnlyCollection`1 parentParameters, SqlNodeAnnotations annotations)
   à System.Data.Linq.SqlClient.SqlProvider.BuildQuery(Expression query, SqlNodeAnnotations annotations)
   à System.Data.Linq.SqlClient.SqlProvider.System.Data.Linq.Provider.IProvider.Execute(Expression query)
   à System.Data.Linq.DataQuery`1.System.Collections.Generic.IEnumerable<T>.GetEnumerator()
   à Pret.UCTechControl.FillDataLoanToControl(String query, Dictionary`2 param) dans d:\Projets\VpretApp\trunk\Pret\Pret\UCTechControle.cs:ligne 197
[ERROR] 2018-03-08 16:37:44,485 UCTechControle - FillDataLoanToControl - Exception: System.FormatException: Le format de la chaîne d'entrée est incorrect.
   à System.Number.StringToNumber(String str, NumberStyles options, NumberBuffer& number, NumberFormatInfo info, Boolean parseDecimal)
   à System.Number.ParseInt32(String s, NumberStyles style, NumberFormatInfo info)
   à System.String.System.IConvertible.ToInt32(IFormatProvider provider)
   à System.Convert.ChangeType(Object value, Type conversionType, IFormatProvider provider)
   à System.Data.Linq.DBConvert.ChangeType(Object value, Type type)
   à System.Data.Linq.SqlClient.SqlRetyper.Visitor.CoerceValueForExpression(SqlValue value, SqlExpression expression)
   à System.Data.Linq.SqlClient.SqlRetyper.Visitor.CoerceTypes(SqlExpression& arg1, SqlExpression& arg2)
   à System.Data.Linq.SqlClient.SqlRetyper.Visitor.CoerceBinaryArgs(SqlExpression& arg1, SqlExpression& arg2)
   à System.Data.Linq.SqlClient.SqlRetyper.Visitor.VisitBinaryOperator(SqlBinary bo)
   à System.Data.Linq.SqlClient.SqlVisitor.Visit(SqlNode node)
   à System.Data.Linq.SqlClient.SqlVisitor.VisitExpression(SqlExpression exp)
   à System.Data.Linq.SqlClient.SqlVisitor.VisitSelectCore(SqlSelect select)
   à System.Data.Linq.SqlClient.SqlVisitor.VisitSelect(SqlSelect select)
   à System.Data.Linq.SqlClient.SqlVisitor.Visit(SqlNode node)
   à System.Data.Linq.SqlClient.SqlProvider.BuildQuery(ResultShape resultShape, Type resultType, SqlNode node, ReadOnlyCollection`1 parentParameters, SqlNodeAnnotations annotations)
   à System.Data.Linq.SqlClient.SqlProvider.BuildQuery(Expression query, SqlNodeAnnotations annotations)
   à System.Data.Linq.SqlClient.SqlProvider.System.Data.Linq.Provider.IProvider.Execute(Expression query)
   à System.Data.Linq.DataQuery`1.System.Collections.Generic.IEnumerable<T>.GetEnumerator()
   à Pret.UCTechControl.FillDataLoanToControl(String query, Dictionary`2 param) dans d:\Projets\VpretApp\trunk\Pret\Pret\UCTechControle.cs:ligne 197
[ERROR] 2018-03-08 16:39:01,858 UCTechControle - FillDataLoanToControl - Exception: System.FormatException: Le format de la chaîne d'entrée est incorrect.
   à System.Number.StringToNumber(String str, NumberStyles options, NumberBuffer& number, NumberFormatInfo info, Boolean parseDecimal)
   à System.Number.ParseInt32(String s, NumberStyles style, NumberFormatInfo info)
   à System.String.System.IConvertible.ToInt32(IFormatProvider provider)
   à System.Convert.ChangeType(Object value, Type conversionType, IFormatProvider provider)
   à System.Data.Linq.DBConvert.ChangeType(Object value, Type type)
   à System.Data.Linq.SqlClient.SqlRetyper.Visitor.CoerceValueForExpression(SqlValue value, SqlExpression expression)
   à System.Data.Linq.SqlClient.SqlRetyper.Visitor.CoerceTypes(SqlExpression& arg1, SqlExpression& arg2)
   à System.Data.Linq.SqlClient.SqlRetyper.Visitor.CoerceBinaryArgs(SqlExpression& arg1, SqlExpression& arg2)
   à System.Data.Linq.SqlClient.SqlRetyper.Visitor.VisitBinaryOperator(SqlBinary bo)
   à System.Data.Linq.SqlClient.SqlVisitor.Visit(SqlNode node)
   à System.Data.Linq.SqlClient.SqlVisitor.VisitExpression(SqlExpression exp)
   à System.Data.Linq.SqlClient.SqlVisitor.VisitSelectCore(SqlSelect select)
   à System.Data.Linq.SqlClient.SqlVisitor.VisitSelect(SqlSelect select)
   à System.Data.Linq.SqlClient.SqlVisitor.Visit(SqlNode node)
   à System.Data.Linq.SqlClient.SqlProvider.BuildQuery(ResultShape resultShape, Type resultType, SqlNode node, ReadOnlyCollection`1 parentParameters, SqlNodeAnnotations annotations)
   à System.Data.Linq.SqlClient.SqlProvider.BuildQuery(Expression query, SqlNodeAnnotations annotations)
   à System.Data.Linq.SqlClient.SqlProvider.System.Data.Linq.Provider.IProvider.Execute(Expression query)
   à System.Data.Linq.DataQuery`1.System.Collections.Generic.IEnumerable<T>.GetEnumerator()
   à Pret.UCTechControl.FillDataLoanToControl(String query, Dictionary`2 param) dans d:\Projets\VpretApp\trunk\Pret\Pret\UCTechControle.cs:ligne 197
[ERROR] 2018-03-08 16:40:21,049 UCTechControle - FillDataLoanToControl - Exception: System.FormatException: Le format de la chaîne d'entrée est incorrect.
   à System.Number.StringToNumber(String str, NumberStyles options, NumberBuffer& number, NumberFormatInfo info, Boolean parseDecimal)
   à System.Number.ParseInt32(String s, NumberStyles style, NumberFormatInfo info)
   à System.String.System.IConvertible.ToInt32(IFormatProvider provider)
   à System.Convert.ChangeType(Object value, Type conversionType, IFormatProvider provider)
   à System.Data.Linq.DBConvert.ChangeType(Object value, Type type)
   à System.Data.Linq.SqlClient.SqlRetyper.Visitor.CoerceValueForExpression(SqlValue value, SqlExpression expression)
   à System.Data.Linq.SqlClient.SqlRetyper.Visitor.CoerceTypes(SqlExpression& arg1, SqlExpression& arg2)
   à System.Data.Linq.SqlClient.SqlRetyper.Visitor.CoerceBinaryArgs(SqlExpression& arg1, SqlExpression& arg2)
   à System.Data.Linq.SqlClient.SqlRetyper.Visitor.VisitBinaryOperator(SqlBinary bo)
   à System.Data.Linq.SqlClient.SqlVisitor.Visit(SqlNode node)
   à System.Data.Linq.SqlClient.SqlVisitor.VisitExpression(SqlExpression exp)
   à System.Data.Linq.SqlClient.SqlVisitor.VisitSelectCore(SqlSelect select)
   à System.Data.Linq.SqlClient.SqlVisitor.VisitSelect(SqlSelect select)
   à System.Data.Linq.SqlClient.SqlVisitor.Visit(SqlNode node)
   à System.Data.Linq.SqlClient.SqlProvider.BuildQuery(ResultShape resultShape, Type resultType, SqlNode node, ReadOnlyCollection`1 parentParameters, SqlNodeAnnotations annotations)
   à System.Data.Linq.SqlClient.SqlProvider.BuildQuery(Expression query, SqlNodeAnnotations annotations)
   à System.Data.Linq.SqlClient.SqlProvider.System.Data.Linq.Provider.IProvider.Execute(Expression query)
   à System.Data.Linq.DataQuery`1.System.Collections.Generic.IEnumerable<T>.GetEnumerator()
   à Pret.UCTechControl.FillDataLoanToControl(String query, Dictionary`2 param) dans d:\Projets\VpretApp\trunk\Pret\Pret\UCTechControle.cs:ligne 197
[ERROR] 2018-03-08 16:40:38,573 UCTechControle - FillDataLoanToControl - Exception: System.FormatException: Le format de la chaîne d'entrée est incorrect.
   à System.Number.StringToNumber(String str, NumberStyles options, NumberBuffer& number, NumberFormatInfo info, Boolean parseDecimal)
   à System.Number.ParseInt32(String s, NumberStyles style, NumberFormatInfo info)
   à System.String.System.IConvertible.ToInt32(IFormatProvider provider)
   à System.Convert.ChangeType(Object value, Type conversionType, IFormatProvider provider)
   à System.Data.Linq.DBConvert.ChangeType(Object value, Type type)
   à System.Data.Linq.SqlClient.SqlRetyper.Visitor.CoerceValueForExpression(SqlValue value, SqlExpression expression)
   à System.Data.Linq.SqlClient.SqlRetyper.Visitor.CoerceTypes(SqlExpression& arg1, SqlExpression& arg2)
   à System.Data.Linq.SqlClient.SqlRetyper.Visitor.CoerceBinaryArgs(SqlExpression& arg1, SqlExpression& arg2)
   à System.Data.Linq.SqlClient.SqlRetyper.Visitor.VisitBinaryOperator(SqlBinary bo)
   à System.Data.Linq.SqlClient.SqlVisitor.Visit(SqlNode node)
   à System.Data.Linq.SqlClient.SqlVisitor.VisitExpression(SqlExpression exp)
   à System.Data.Linq.SqlClient.SqlVisitor.VisitSelectCore(SqlSelect select)
   à System.Data.Linq.SqlClient.SqlVisitor.VisitSelect(SqlSelect select)
   à System.Data.Linq.SqlClient.SqlVisitor.Visit(SqlNode node)
   à System.Data.Linq.SqlClient.SqlProvider.BuildQuery(ResultShape resultShape, Type resultType, SqlNode node, ReadOnlyCollection`1 parentParameters, SqlNodeAnnotations annotations)
   à System.Data.Linq.SqlClient.SqlProvider.BuildQuery(Expression query, SqlNodeAnnotations annotations)
   à System.Data.Linq.SqlClient.SqlProvider.System.Data.Linq.Provider.IProvider.Execute(Expression query)
   à System.Data.Linq.DataQuery`1.System.Collections.Generic.IEnumerable<T>.GetEnumerator()
   à Pret.UCTechControl.FillDataLoanToControl(String query, Dictionary`2 param) dans d:\Projets\VpretApp\trunk\Pret\Pret\UCTechControle.cs:ligne 197
[ERROR] 2018-03-08 16:40:41,972 UCRP - FillDataRadGridRecepProduit() - Exception: System.InvalidOperationException: A column with the same Name already exists in the collection
   à Telerik.WinControls.UI.GridViewColumnCollection.InsertItem(Int32 index, GridViewDataColumn item)
   à System.Collections.ObjectModel.Collection`1.Add(T item)
   à Pret.UCRP.FillDataReceptionProduct(String query, Dictionary`2 param) dans d:\Projets\VpretApp\trunk\Pret\Pret\UCRP.cs:ligne 65
[ERROR] 2018-03-08 16:41:35,297 UCTechControle - FillDataLoanToControl - Exception: System.FormatException: Le format de la chaîne d'entrée est incorrect.
   à System.Number.StringToNumber(String str, NumberStyles options, NumberBuffer& number, NumberFormatInfo info, Boolean parseDecimal)
   à System.Number.ParseInt32(String s, NumberStyles style, NumberFormatInfo info)
   à System.String.System.IConvertible.ToInt32(IFormatProvider provider)
   à System.Convert.ChangeType(Object value, Type conversionType, IFormatProvider provider)
   à System.Data.Linq.DBConvert.ChangeType(Object value, Type type)
   à System.Data.Linq.SqlClient.SqlRetyper.Visitor.CoerceValueForExpression(SqlValue value, SqlExpression expression)
   à System.Data.Linq.SqlClient.SqlRetyper.Visitor.CoerceTypes(SqlExpression& arg1, SqlExpression& arg2)
   à System.Data.Linq.SqlClient.SqlRetyper.Visitor.CoerceBinaryArgs(SqlExpression& arg1, SqlExpression& arg2)
   à System.Data.Linq.SqlClient.SqlRetyper.Visitor.VisitBinaryOperator(SqlBinary bo)
   à System.Data.Linq.SqlClient.SqlVisitor.Visit(SqlNode node)
   à System.Data.Linq.SqlClient.SqlVisitor.VisitExpression(SqlExpression exp)
   à System.Data.Linq.SqlClient.SqlVisitor.VisitSelectCore(SqlSelect select)
   à System.Data.Linq.SqlClient.SqlVisitor.VisitSelect(SqlSelect select)
   à System.Data.Linq.SqlClient.SqlVisitor.Visit(SqlNode node)
   à System.Data.Linq.SqlClient.SqlProvider.BuildQuery(ResultShape resultShape, Type resultType, SqlNode node, ReadOnlyCollection`1 parentParameters, SqlNodeAnnotations annotations)
   à System.Data.Linq.SqlClient.SqlProvider.BuildQuery(Expression query, SqlNodeAnnotations annotations)
   à System.Data.Linq.SqlClient.SqlProvider.System.Data.Linq.Provider.IProvider.Execute(Expression query)
   à System.Data.Linq.DataQuery`1.System.Collections.Generic.IEnumerable<T>.GetEnumerator()
   à Pret.UCTechControl.FillDataLoanToControl(String query, Dictionary`2 param) dans d:\Projets\VpretApp\trunk\Pret\Pret\UCTechControle.cs:ligne 198
[ERROR] 2018-03-08 16:42:26,037 UCTechControle - FillDataLoanToControl - Exception: System.FormatException: Le format de la chaîne d'entrée est incorrect.
   à System.Number.StringToNumber(String str, NumberStyles options, NumberBuffer& number, NumberFormatInfo info, Boolean parseDecimal)
   à System.Number.ParseInt32(String s, NumberStyles style, NumberFormatInfo info)
   à System.String.System.IConvertible.ToInt32(IFormatProvider provider)
   à System.Convert.ChangeType(Object value, Type conversionType, IFormatProvider provider)
   à System.Data.Linq.DBConvert.ChangeType(Object value, Type type)
   à System.Data.Linq.SqlClient.SqlRetyper.Visitor.CoerceValueForExpression(SqlValue value, SqlExpression expression)
   à System.Data.Linq.SqlClient.SqlRetyper.Visitor.CoerceTypes(SqlExpression& arg1, SqlExpression& arg2)
   à System.Data.Linq.SqlClient.SqlRetyper.Visitor.CoerceBinaryArgs(SqlExpression& arg1, SqlExpression& arg2)
   à System.Data.Linq.SqlClient.SqlRetyper.Visitor.VisitBinaryOperator(SqlBinary bo)
   à System.Data.Linq.SqlClient.SqlVisitor.Visit(SqlNode node)
   à System.Data.Linq.SqlClient.SqlVisitor.VisitExpression(SqlExpression exp)
   à System.Data.Linq.SqlClient.SqlVisitor.VisitSelectCore(SqlSelect select)
   à System.Data.Linq.SqlClient.SqlVisitor.VisitSelect(SqlSelect select)
   à System.Data.Linq.SqlClient.SqlVisitor.Visit(SqlNode node)
   à System.Data.Linq.SqlClient.SqlProvider.BuildQuery(ResultShape resultShape, Type resultType, SqlNode node, ReadOnlyCollection`1 parentParameters, SqlNodeAnnotations annotations)
   à System.Data.Linq.SqlClient.SqlProvider.BuildQuery(Expression query, SqlNodeAnnotations annotations)
   à System.Data.Linq.SqlClient.SqlProvider.System.Data.Linq.Provider.IProvider.Execute(Expression query)
   à System.Data.Linq.DataQuery`1.System.Collections.Generic.IEnumerable<T>.GetEnumerator()
   à Pret.UCTechControl.FillDataLoanToControl(String query, Dictionary`2 param) dans d:\Projets\VpretApp\trunk\Pret\Pret\UCTechControle.cs:ligne 198
[ERROR] 2018-03-08 16:42:56,513 UCTechControle - FillDataLoanToControl - Exception: System.FormatException: Le format de la chaîne d'entrée est incorrect.
   à System.Number.StringToNumber(String str, NumberStyles options, NumberBuffer& number, NumberFormatInfo info, Boolean parseDecimal)
   à System.Number.ParseInt32(String s, NumberStyles style, NumberFormatInfo info)
   à System.String.System.IConvertible.ToInt32(IFormatProvider provider)
   à System.Convert.ChangeType(Object value, Type conversionType, IFormatProvider provider)
   à System.Data.Linq.DBConvert.ChangeType(Object value, Type type)
   à System.Data.Linq.SqlClient.SqlRetyper.Visitor.CoerceValueForExpression(SqlValue value, SqlExpression expression)
   à System.Data.Linq.SqlClient.SqlRetyper.Visitor.CoerceTypes(SqlExpression& arg1, SqlExpression& arg2)
   à System.Data.Linq.SqlClient.SqlRetyper.Visitor.CoerceBinaryArgs(SqlExpression& arg1, SqlExpression& arg2)
   à System.Data.Linq.SqlClient.SqlRetyper.Visitor.VisitBinaryOperator(SqlBinary bo)
   à System.Data.Linq.SqlClient.SqlVisitor.Visit(SqlNode node)
   à System.Data.Linq.SqlClient.SqlVisitor.VisitExpression(SqlExpression exp)
   à System.Data.Linq.SqlClient.SqlVisitor.VisitSelectCore(SqlSelect select)
   à System.Data.Linq.SqlClient.SqlVisitor.VisitSelect(SqlSelect select)
   à System.Data.Linq.SqlClient.SqlVisitor.Visit(SqlNode node)
   à System.Data.Linq.SqlClient.SqlProvider.BuildQuery(ResultShape resultShape, Type resultType, SqlNode node, ReadOnlyCollection`1 parentParameters, SqlNodeAnnotations annotations)
   à System.Data.Linq.SqlClient.SqlProvider.BuildQuery(Expression query, SqlNodeAnnotations annotations)
   à System.Data.Linq.SqlClient.SqlProvider.System.Data.Linq.Provider.IProvider.Execute(Expression query)
   à System.Data.Linq.DataQuery`1.System.Collections.Generic.IEnumerable<T>.GetEnumerator()
   à Pret.UCTechControl.FillDataLoanToControl(String query, Dictionary`2 param) dans d:\Projets\VpretApp\trunk\Pret\Pret\UCTechControle.cs:ligne 198
[ERROR] 2018-03-08 16:43:13,383 UCTechControle - FillDataLoanToControl - Exception: System.FormatException: Le format de la chaîne d'entrée est incorrect.
   à System.Number.StringToNumber(String str, NumberStyles options, NumberBuffer& number, NumberFormatInfo info, Boolean parseDecimal)
   à System.Number.ParseInt32(String s, NumberStyles style, NumberFormatInfo info)
   à System.String.System.IConvertible.ToInt32(IFormatProvider provider)
   à System.Convert.ChangeType(Object value, Type conversionType, IFormatProvider provider)
   à System.Data.Linq.DBConvert.ChangeType(Object value, Type type)
   à System.Data.Linq.SqlClient.SqlRetyper.Visitor.CoerceValueForExpression(SqlValue value, SqlExpression expression)
   à System.Data.Linq.SqlClient.SqlRetyper.Visitor.CoerceTypes(SqlExpression& arg1, SqlExpression& arg2)
   à System.Data.Linq.SqlClient.SqlRetyper.Visitor.CoerceBinaryArgs(SqlExpression& arg1, SqlExpression& arg2)
   à System.Data.Linq.SqlClient.SqlRetyper.Visitor.VisitBinaryOperator(SqlBinary bo)
   à System.Data.Linq.SqlClient.SqlVisitor.Visit(SqlNode node)
   à System.Data.Linq.SqlClient.SqlVisitor.VisitExpression(SqlExpression exp)
   à System.Data.Linq.SqlClient.SqlVisitor.VisitSelectCore(SqlSelect select)
   à System.Data.Linq.SqlClient.SqlVisitor.VisitSelect(SqlSelect select)
   à System.Data.Linq.SqlClient.SqlVisitor.Visit(SqlNode node)
   à System.Data.Linq.SqlClient.SqlProvider.BuildQuery(ResultShape resultShape, Type resultType, SqlNode node, ReadOnlyCollection`1 parentParameters, SqlNodeAnnotations annotations)
   à System.Data.Linq.SqlClient.SqlProvider.BuildQuery(Expression query, SqlNodeAnnotations annotations)
   à System.Data.Linq.SqlClient.SqlProvider.System.Data.Linq.Provider.IProvider.Execute(Expression query)
   à System.Data.Linq.DataQuery`1.System.Collections.Generic.IEnumerable<T>.GetEnumerator()
   à Pret.UCTechControl.FillDataLoanToControl(String query, Dictionary`2 param) dans d:\Projets\VpretApp\trunk\Pret\Pret\UCTechControle.cs:ligne 198
[ERROR] 2018-03-08 16:43:45,049 UCTechControle - FillDataLoanToControl - Exception: System.FormatException: Le format de la chaîne d'entrée est incorrect.
   à System.Number.StringToNumber(String str, NumberStyles options, NumberBuffer& number, NumberFormatInfo info, Boolean parseDecimal)
   à System.Number.ParseInt32(String s, NumberStyles style, NumberFormatInfo info)
   à System.String.System.IConvertible.ToInt32(IFormatProvider provider)
   à System.Convert.ChangeType(Object value, Type conversionType, IFormatProvider provider)
   à System.Data.Linq.DBConvert.ChangeType(Object value, Type type)
   à System.Data.Linq.SqlClient.SqlRetyper.Visitor.CoerceValueForExpression(SqlValue value, SqlExpression expression)
   à System.Data.Linq.SqlClient.SqlRetyper.Visitor.CoerceTypes(SqlExpression& arg1, SqlExpression& arg2)
   à System.Data.Linq.SqlClient.SqlRetyper.Visitor.CoerceBinaryArgs(SqlExpression& arg1, SqlExpression& arg2)
   à System.Data.Linq.SqlClient.SqlRetyper.Visitor.VisitBinaryOperator(SqlBinary bo)
   à System.Data.Linq.SqlClient.SqlVisitor.Visit(SqlNode node)
   à System.Data.Linq.SqlClient.SqlVisitor.VisitExpression(SqlExpression exp)
   à System.Data.Linq.SqlClient.SqlVisitor.VisitSelectCore(SqlSelect select)
   à System.Data.Linq.SqlClient.SqlVisitor.VisitSelect(SqlSelect select)
   à System.Data.Linq.SqlClient.SqlVisitor.Visit(SqlNode node)
   à System.Data.Linq.SqlClient.SqlProvider.BuildQuery(ResultShape resultShape, Type resultType, SqlNode node, ReadOnlyCollection`1 parentParameters, SqlNodeAnnotations annotations)
   à System.Data.Linq.SqlClient.SqlProvider.BuildQuery(Expression query, SqlNodeAnnotations annotations)
   à System.Data.Linq.SqlClient.SqlProvider.System.Data.Linq.Provider.IProvider.Execute(Expression query)
   à System.Data.Linq.DataQuery`1.System.Collections.Generic.IEnumerable<T>.GetEnumerator()
   à Pret.UCTechControl.FillDataLoanToControl(String query, Dictionary`2 param) dans d:\Projets\VpretApp\trunk\Pret\Pret\UCTechControle.cs:ligne 199
[ERROR] 2018-03-08 16:44:32,079 UCTechControle - FillDataLoanToControl - Exception: System.FormatException: Le format de la chaîne d'entrée est incorrect.
   à System.Number.StringToNumber(String str, NumberStyles options, NumberBuffer& number, NumberFormatInfo info, Boolean parseDecimal)
   à System.Number.ParseInt32(String s, NumberStyles style, NumberFormatInfo info)
   à System.String.System.IConvertible.ToInt32(IFormatProvider provider)
   à System.Convert.ChangeType(Object value, Type conversionType, IFormatProvider provider)
   à System.Data.Linq.DBConvert.ChangeType(Object value, Type type)
   à System.Data.Linq.SqlClient.SqlRetyper.Visitor.CoerceValueForExpression(SqlValue value, SqlExpression expression)
   à System.Data.Linq.SqlClient.SqlRetyper.Visitor.CoerceTypes(SqlExpression& arg1, SqlExpression& arg2)
   à System.Data.Linq.SqlClient.SqlRetyper.Visitor.CoerceBinaryArgs(SqlExpression& arg1, SqlExpression& arg2)
   à System.Data.Linq.SqlClient.SqlRetyper.Visitor.VisitBinaryOperator(SqlBinary bo)
   à System.Data.Linq.SqlClient.SqlVisitor.Visit(SqlNode node)
   à System.Data.Linq.SqlClient.SqlVisitor.VisitExpression(SqlExpression exp)
   à System.Data.Linq.SqlClient.SqlVisitor.VisitSelectCore(SqlSelect select)
   à System.Data.Linq.SqlClient.SqlVisitor.VisitSelect(SqlSelect select)
   à System.Data.Linq.SqlClient.SqlVisitor.Visit(SqlNode node)
   à System.Data.Linq.SqlClient.SqlProvider.BuildQuery(ResultShape resultShape, Type resultType, SqlNode node, ReadOnlyCollection`1 parentParameters, SqlNodeAnnotations annotations)
   à System.Data.Linq.SqlClient.SqlProvider.BuildQuery(Expression query, SqlNodeAnnotations annotations)
   à System.Data.Linq.SqlClient.SqlProvider.System.Data.Linq.Provider.IProvider.Execute(Expression query)
   à System.Data.Linq.DataQuery`1.System.Collections.Generic.IEnumerable<T>.GetEnumerator()
   à Pret.UCTechControl.FillDataLoanToControl(String query, Dictionary`2 param) dans d:\Projets\VpretApp\trunk\Pret\Pret\UCTechControle.cs:ligne 199
[ERROR] 2018-03-08 16:45:11,839 UCTechControle - FillDataLoanToControl - Exception: System.NullReferenceException: La référence d'objet n'est pas définie à une instance d'un objet.
   à Pret.UCTechControl.IterateChildRowsAndAddProduct(GridViewHierarchyRowInfo rowInfo) dans d:\Projets\VpretApp\trunk\Pret\Pret\UCTechControle.cs:ligne 79
   à Pret.UCTechControl.FillDataLoanToControl(String query, Dictionary`2 param) dans d:\Projets\VpretApp\trunk\Pret\Pret\UCTechControle.cs:ligne 204
[ERROR] 2018-03-08 16:49:00,813 UCTechControle - FillDataLoanToControl - Exception: System.NullReferenceException: La référence d'objet n'est pas définie à une instance d'un objet.
   à Pret.UCTechControl.IterateChildRowsAndAddProduct(GridViewHierarchyRowInfo rowInfo) dans d:\Projets\VpretApp\trunk\Pret\Pret\UCTechControle.cs:ligne 76
   à Pret.UCTechControl.FillDataLoanToControl(String query, Dictionary`2 param) dans d:\Projets\VpretApp\trunk\Pret\Pret\UCTechControle.cs:ligne 200
[ERROR] 2018-03-08 16:51:58,059 UCTechControle - FillDataLoanToControl - Exception: System.NullReferenceException: La référence d'objet n'est pas définie à une instance d'un objet.
   à Pret.UCTechControl.IterateChildRowsAndAddProduct(GridViewHierarchyRowInfo rowInfo) dans d:\Projets\VpretApp\trunk\Pret\Pret\UCTechControle.cs:ligne 76
   à Pret.UCTechControl.FillDataLoanToControl(String query, Dictionary`2 param) dans d:\Projets\VpretApp\trunk\Pret\Pret\UCTechControle.cs:ligne 200
[ERROR] 2018-03-08 16:55:53,328 UCTechControle - FillDataLoanToControl - Exception: System.NullReferenceException: La référence d'objet n'est pas définie à une instance d'un objet.
   à Pret.UCTechControl.IterateChildRowsAndAddProduct(GridViewHierarchyRowInfo rowInfo) dans d:\Projets\VpretApp\trunk\Pret\Pret\UCTechControle.cs:ligne 78
   à Pret.UCTechControl.FillDataLoanToControl(String query, Dictionary`2 param) dans d:\Projets\VpretApp\trunk\Pret\Pret\UCTechControle.cs:ligne 200
